#
# There is insufficient memory for the Java Runtime Environment to continue.
# Native memory allocation (malloc) failed to allocate 611376 bytes. Error detail: Chunk::new
# Possible reasons:
#   The system is out of physical RAM or swap space
#   This process is running with CompressedOops enabled, and the Java Heap may be blocking the growth of the native heap
# Possible solutions:
#   Reduce memory load on the system
#   Increase physical memory or swap space
#   Check if swap backing store is full
#   Decrease Java heap size (-Xmx/-Xms)
#   Decrease number of Java threads
#   Decrease Java thread stack sizes (-Xss)
#   Set larger code cache with -XX:ReservedCodeCacheSize=
#   JVM is running with Unscaled Compressed Oops mode in which the Java heap is
#     placed in the first 4GB address space. The Java Heap base address is the
#     maximum limit for the native heap growth. Please use -XX:HeapBaseMinAddress
#     to set the Java Heap base and to place the Java Heap above 4GB virtual address.
# This output file may be truncated or incomplete.
#
#  Out of Memory Error (arena.cpp:168), pid=32596, tid=28940
#
# JRE version: OpenJDK Runtime Environment Temurin-21.0.10+7 (21.0.10+7) (build 21.0.10+7-LTS)
# Java VM: OpenJDK 64-Bit Server VM Temurin-21.0.10+7 (21.0.10+7-LTS, mixed mode, sharing, tiered, compressed oops, compressed class ptrs, g1 gc, windows-amd64)
# No core dump will be written. Minidumps are not enabled by default on client versions of Windows
#

---------------  S U M M A R Y ------------

Command Line: --add-opens=java.base/java.lang=ALL-UNNAMED --add-opens=java.base/java.lang.invoke=ALL-UNNAMED --add-opens=java.base/java.util=ALL-UNNAMED --add-opens=java.prefs/java.util.prefs=ALL-UNNAMED --add-exports=jdk.compiler/com.sun.tools.javac.api=ALL-UNNAMED --add-exports=jdk.compiler/com.sun.tools.javac.util=ALL-UNNAMED --add-opens=java.base/java.util=ALL-UNNAMED --add-opens=java.prefs/java.util.prefs=ALL-UNNAMED --add-opens=java.base/java.nio.charset=ALL-UNNAMED --add-opens=java.base/java.net=ALL-UNNAMED --add-opens=java.base/java.util.concurrent=ALL-UNNAMED --add-opens=java.base/java.util.concurrent.atomic=ALL-UNNAMED --add-opens=java.xml/javax.xml.namespace=ALL-UNNAMED --add-opens=java.base/java.time=ALL-UNNAMED -XX:MaxMetaspaceSize=384m -XX:+HeapDumpOnOutOfMemoryError -Xms256m -Xmx512m -Dfile.encoding=UTF-8 -Duser.country=US -Duser.language=en -Duser.variant -javaagent:C:\Users\abhia\.gradle\wrapper\dists\gradle-9.4.1-bin\arn2x92ynaizyzdaamcbpbhtj\gradle-9.4.1\lib\agents\gradle-instrumentation-agent-9.4.1.jar org.gradle.launcher.daemon.bootstrap.GradleDaemon 9.4.1

Host: AMD Ryzen 5 5500U with Radeon Graphics         , 12 cores, 5G,  Windows 11 , 64 bit Build 26100 (10.0.26100.8328)
Time: Thu Jun  4 22:06:08 2026 India Standard Time elapsed time: 54.403072 seconds (0d 0h 0m 54s)

---------------  T H R E A D  ---------------

Current thread (0x0000018a548bbe00):  JavaThread "C2 CompilerThread1" daemon [_thread_in_native, id=28940, stack(0x0000004607800000,0x0000004607900000) (1024K)]


Current CompileTask:
C2:54403 6862       4       org.gradle.internal.reflect.ClassInspector::inspectClass (179 bytes)

Stack: [0x0000004607800000,0x0000004607900000]
Native frames: (J=compiled Java code, j=interpreted, Vv=VM code, C=native code)
V  [jvm.dll+0x6d7a39]
V  [jvm.dll+0x8b4b26]
V  [jvm.dll+0x8b70de]
V  [jvm.dll+0x8b77c3]
V  [jvm.dll+0x284346]
V  [jvm.dll+0xc66ed]
V  [jvm.dll+0xc6c31]
V  [jvm.dll+0x2fb29e]
V  [jvm.dll+0x5fe884]
V  [jvm.dll+0x255b17]
V  [jvm.dll+0x24dc0b]
V  [jvm.dll+0x24ba42]
V  [jvm.dll+0x1cb34e]
V  [jvm.dll+0x25b85d]
V  [jvm.dll+0x259dea]
V  [jvm.dll+0x3f857e]
V  [jvm.dll+0x85f59d]
V  [jvm.dll+0x6d626d]
C  [ucrtbase.dll+0x37b0]
C  [KERNEL32.DLL+0x2e957]
C  [ntdll.dll+0x427c]


---------------  P R O C E S S  ---------------

Threads class SMR info:
_java_thread_list=0x0000018a545a70b0, length=61, elements={
0x0000018a20661260, 0x0000018a3647b1b0, 0x0000018a3647e940, 0x0000018a36486960,
0x0000018a3648a0f0, 0x0000018a3648ab50, 0x0000018a3648ca70, 0x0000018a36490d10,
0x0000018a36498970, 0x0000018a366a2e10, 0x0000018a36748e30, 0x0000018a50ea7940,
0x0000018a51b7ff70, 0x0000018a3686bb60, 0x0000018a51a77f20, 0x0000018a50d62ff0,
0x0000018a50533d20, 0x0000018a51adacc0, 0x0000018a3655cb80, 0x0000018a3655d210,
0x0000018a3655b7d0, 0x0000018a3655c4f0, 0x0000018a3655d8a0, 0x0000018a3655df30,
0x0000018a522efe40, 0x0000018a522f0b60, 0x0000018a522f1f10, 0x0000018a522f1880,
0x0000018a522f32c0, 0x0000018a522f11f0, 0x0000018a522f3950, 0x0000018a522f04d0,
0x0000018a522f2c30, 0x0000018a522f5390, 0x0000018a522f4d00, 0x0000018a522f5a20,
0x0000018a522f60b0, 0x0000018a522f6dd0, 0x0000018a522f6740, 0x0000018a522f7460,
0x0000018a522f4670, 0x0000018a51c8be40, 0x0000018a51c8e5a0, 0x0000018a51c8ec30,
0x0000018a51c8f2c0, 0x0000018a51c8c4d0, 0x0000018a51c8d1f0, 0x0000018a548bbe00,
0x0000018a51c8f950, 0x0000018a51c8d880, 0x0000018a51c8cb60, 0x0000018a51c91390,
0x0000018a51c90d00, 0x0000018a51c92740, 0x0000018a51c91a20, 0x0000018a51c920b0,
0x0000018a51c92dd0, 0x0000018a51c90670, 0x0000018a51c93460, 0x0000018a559e6ec0,
0x0000018a559e4df0
}

Java Threads: ( => current thread )
  0x0000018a20661260 JavaThread "main"                              [_thread_blocked, id=30388, stack(0x0000004603800000,0x0000004603900000) (1024K)]
  0x0000018a3647b1b0 JavaThread "Reference Handler"          daemon [_thread_blocked, id=31384, stack(0x0000004604000000,0x0000004604100000) (1024K)]
  0x0000018a3647e940 JavaThread "Finalizer"                  daemon [_thread_blocked, id=9728, stack(0x0000004604100000,0x0000004604200000) (1024K)]
  0x0000018a36486960 JavaThread "Signal Dispatcher"          daemon [_thread_blocked, id=14664, stack(0x0000004604200000,0x0000004604300000) (1024K)]
  0x0000018a3648a0f0 JavaThread "Attach Listener"            daemon [_thread_blocked, id=34428, stack(0x0000004604300000,0x0000004604400000) (1024K)]
  0x0000018a3648ab50 JavaThread "Service Thread"             daemon [_thread_blocked, id=29308, stack(0x0000004604400000,0x0000004604500000) (1024K)]
  0x0000018a3648ca70 JavaThread "Monitor Deflation Thread"   daemon [_thread_blocked, id=22656, stack(0x0000004604500000,0x0000004604600000) (1024K)]
  0x0000018a36490d10 JavaThread "C2 CompilerThread0"         daemon [_thread_blocked, id=33232, stack(0x0000004604600000,0x0000004604700000) (1024K)]
  0x0000018a36498970 JavaThread "C1 CompilerThread0"         daemon [_thread_blocked, id=31056, stack(0x0000004604700000,0x0000004604800000) (1024K)]
  0x0000018a366a2e10 JavaThread "Common-Cleaner"             daemon [_thread_blocked, id=10968, stack(0x0000004604800000,0x0000004604900000) (1024K)]
  0x0000018a36748e30 JavaThread "Notification Thread"        daemon [_thread_blocked, id=31972, stack(0x0000004604900000,0x0000004604a00000) (1024K)]
  0x0000018a50ea7940 JavaThread "Daemon health stats"               [_thread_blocked, id=32268, stack(0x0000004604f00000,0x0000004605000000) (1024K)]
  0x0000018a51b7ff70 JavaThread "Incoming local TCP Connector on port 51583"        [_thread_in_native, id=28164, stack(0x0000004605000000,0x0000004605100000) (1024K)]
  0x0000018a3686bb60 JavaThread "Daemon periodic checks"            [_thread_blocked, id=5552, stack(0x0000004605100000,0x0000004605200000) (1024K)]
  0x0000018a51a77f20 JavaThread "Daemon"                            [_thread_blocked, id=19752, stack(0x0000004605200000,0x0000004605300000) (1024K)]
  0x0000018a50d62ff0 JavaThread "Handler for socket connection from /127.0.0.1:51583 to /127.0.0.1:51584"        [_thread_in_native, id=4212, stack(0x0000004605300000,0x0000004605400000) (1024K)]
  0x0000018a50533d20 JavaThread "Cancel handler"                    [_thread_blocked, id=34408, stack(0x0000004605400000,0x0000004605500000) (1024K)]
  0x0000018a51adacc0 JavaThread "Daemon worker"                     [_thread_blocked, id=9500, stack(0x0000004605500000,0x0000004605600000) (1024K)]
  0x0000018a3655cb80 JavaThread "Asynchronous log dispatcher for DefaultDaemonConnection: socket connection from /127.0.0.1:51583 to /127.0.0.1:51584"        [_thread_blocked, id=13476, stack(0x0000004605600000,0x0000004605700000) (1024K)]
  0x0000018a3655d210 JavaThread "Stdin handler"                     [_thread_blocked, id=32708, stack(0x0000004605700000,0x0000004605800000) (1024K)]
  0x0000018a3655b7d0 JavaThread "Daemon client event forwarder"        [_thread_blocked, id=30532, stack(0x0000004605800000,0x0000004605900000) (1024K)]
  0x0000018a3655c4f0 JavaThread "Cache worker for journal cache (C:\Users\abhia\.gradle\caches\journal-1)"        [_thread_blocked, id=34748, stack(0x0000004605900000,0x0000004605a00000) (1024K)]
  0x0000018a3655d8a0 JavaThread "File lock request listener"        [_thread_in_native, id=30392, stack(0x0000004605a00000,0x0000004605b00000) (1024K)]
  0x0000018a3655df30 JavaThread "Cache worker for file hash cache (C:\Users\abhia\.gradle\caches\9.4.1\fileHashes)"        [_thread_blocked, id=25372, stack(0x0000004605b00000,0x0000004605c00000) (1024K)]
  0x0000018a522efe40 JavaThread "Cache worker for file hash cache (C:\Users\abhia\OneDrive\hor\.gradle\9.4.1\fileHashes)"        [_thread_blocked, id=19372, stack(0x0000004606200000,0x0000004606300000) (1024K)]
  0x0000018a522f0b60 JavaThread "Cache worker for Build Output Cleanup Cache (C:\Users\abhia\OneDrive\hor\.gradle\buildOutputCleanup)"        [_thread_blocked, id=12576, stack(0x0000004606300000,0x0000004606400000) (1024K)]
  0x0000018a522f1f10 JavaThread "File watcher server"        daemon [_thread_in_native, id=25472, stack(0x0000004606400000,0x0000004606500000) (1024K)]
  0x0000018a522f1880 JavaThread "File watcher consumer"      daemon [_thread_blocked, id=31796, stack(0x0000004606500000,0x0000004606600000) (1024K)]
  0x0000018a522f32c0 JavaThread "Cache worker for file content cache (C:\Users\abhia\.gradle\caches\9.4.1\fileContent)"        [_thread_blocked, id=32640, stack(0x0000004606600000,0x0000004606700000) (1024K)]
  0x0000018a522f11f0 JavaThread "Cache worker for checksums cache (C:\Users\abhia\OneDrive\hor\.gradle\9.4.1\checksums)"        [_thread_blocked, id=5004, stack(0x0000004606700000,0x0000004606800000) (1024K)]
  0x0000018a522f3950 JavaThread "Cache worker for cache directory md-supplier (C:\Users\abhia\.gradle\caches\9.4.1\md-supplier)"        [_thread_blocked, id=33060, stack(0x0000004606800000,0x0000004606900000) (1024K)]
  0x0000018a522f04d0 JavaThread "Cache worker for cache directory md-rule (C:\Users\abhia\.gradle\caches\9.4.1\md-rule)"        [_thread_blocked, id=18052, stack(0x0000004606900000,0x0000004606a00000) (1024K)]
  0x0000018a522f2c30 JavaThread "jar transforms"                    [_thread_blocked, id=21396, stack(0x0000004606a00000,0x0000004606b00000) (1024K)]
  0x0000018a522f5390 JavaThread "jar transforms Thread 2"           [_thread_blocked, id=34628, stack(0x0000004606b00000,0x0000004606c00000) (1024K)]
  0x0000018a522f4d00 JavaThread "Build operations"                  [_thread_blocked, id=26676, stack(0x0000004606c00000,0x0000004606d00000) (1024K)]
  0x0000018a522f5a20 JavaThread "Build operations Thread 2"         [_thread_blocked, id=28896, stack(0x0000004606d00000,0x0000004606e00000) (1024K)]
  0x0000018a522f60b0 JavaThread "Build operations Thread 3"         [_thread_blocked, id=19092, stack(0x0000004606e00000,0x0000004606f00000) (1024K)]
  0x0000018a522f6dd0 JavaThread "Build operations Thread 4"         [_thread_blocked, id=35480, stack(0x0000004606f00000,0x0000004607000000) (1024K)]
  0x0000018a522f6740 JavaThread "Build operations Thread 5"         [_thread_blocked, id=29944, stack(0x0000004607000000,0x0000004607100000) (1024K)]
  0x0000018a522f7460 JavaThread "Build operations Thread 6"         [_thread_blocked, id=19220, stack(0x0000004607100000,0x0000004607200000) (1024K)]
  0x0000018a522f4670 JavaThread "Build operations Thread 7"         [_thread_blocked, id=736, stack(0x0000004607200000,0x0000004607300000) (1024K)]
  0x0000018a51c8be40 JavaThread "Build operations Thread 8"         [_thread_blocked, id=30384, stack(0x0000004607300000,0x0000004607400000) (1024K)]
  0x0000018a51c8e5a0 JavaThread "Build operations Thread 9"         [_thread_blocked, id=33304, stack(0x0000004607400000,0x0000004607500000) (1024K)]
  0x0000018a51c8ec30 JavaThread "Build operations Thread 10"        [_thread_blocked, id=30076, stack(0x0000004607500000,0x0000004607600000) (1024K)]
  0x0000018a51c8f2c0 JavaThread "Build operations Thread 11"        [_thread_blocked, id=35524, stack(0x0000004607600000,0x0000004607700000) (1024K)]
  0x0000018a51c8c4d0 JavaThread "Build operations Thread 12"        [_thread_blocked, id=31036, stack(0x0000004607700000,0x0000004607800000) (1024K)]
  0x0000018a51c8d1f0 JavaThread "Memory manager"                    [_thread_blocked, id=24732, stack(0x0000004607900000,0x0000004607a00000) (1024K)]
=>0x0000018a548bbe00 JavaThread "C2 CompilerThread1"         daemon [_thread_in_native, id=28940, stack(0x0000004607800000,0x0000004607900000) (1024K)]
  0x0000018a51c8f950 JavaThread "included builds"                   [_thread_blocked, id=26592, stack(0x0000004607b00000,0x0000004607c00000) (1024K)]
  0x0000018a51c8d880 JavaThread "Execution worker"                  [_thread_in_native, id=28708, stack(0x0000004607c00000,0x0000004607d00000) (1024K)]
  0x0000018a51c8cb60 JavaThread "Execution worker Thread 2"         [_thread_blocked, id=21208, stack(0x0000004607d00000,0x0000004607e00000) (1024K)]
  0x0000018a51c91390 JavaThread "Execution worker Thread 3"         [_thread_blocked, id=6488, stack(0x0000004607e00000,0x0000004607f00000) (1024K)]
  0x0000018a51c90d00 JavaThread "Execution worker Thread 4"         [_thread_blocked, id=30952, stack(0x0000004607f00000,0x0000004608000000) (1024K)]
  0x0000018a51c92740 JavaThread "Execution worker Thread 5"         [_thread_blocked, id=7880, stack(0x0000004608000000,0x0000004608100000) (1024K)]
  0x0000018a51c91a20 JavaThread "Execution worker Thread 6"         [_thread_blocked, id=35412, stack(0x0000004608100000,0x0000004608200000) (1024K)]
  0x0000018a51c920b0 JavaThread "Execution worker Thread 7"         [_thread_blocked, id=30580, stack(0x0000004608200000,0x0000004608300000) (1024K)]
  0x0000018a51c92dd0 JavaThread "Execution worker Thread 8"         [_thread_blocked, id=33844, stack(0x0000004608300000,0x0000004608400000) (1024K)]
  0x0000018a51c90670 JavaThread "Execution worker Thread 9"         [_thread_blocked, id=1880, stack(0x0000004608400000,0x0000004608500000) (1024K)]
  0x0000018a51c93460 JavaThread "Execution worker Thread 10"        [_thread_blocked, id=26672, stack(0x0000004608500000,0x0000004608600000) (1024K)]
  0x0000018a559e6ec0 JavaThread "Execution worker Thread 11"        [_thread_blocked, id=31800, stack(0x0000004608600000,0x0000004608700000) (1024K)]
  0x0000018a559e4df0 JavaThread "Cache worker for execution history cache (C:\Users\abhia\OneDrive\hor\.gradle\9.4.1\executionHistory)"        [_thread_blocked, id=12940, stack(0x0000004607a00000,0x0000004607b00000) (1024K)]
Total: 61

Other Threads:
  0x0000018a36460680 VMThread "VM Thread"                           [id=28832, stack(0x0000004603f00000,0x0000004604000000) (1024K)]
  0x0000018a36452ee0 WatcherThread "VM Periodic Task Thread"        [id=34576, stack(0x0000004603e00000,0x0000004603f00000) (1024K)]
  0x0000018a2068c200 WorkerThread "GC Thread#0"                     [id=32504, stack(0x0000004603900000,0x0000004603a00000) (1024K)]
  0x0000018a36513530 WorkerThread "GC Thread#1"                     [id=27548, stack(0x0000004604a00000,0x0000004604b00000) (1024K)]
  0x0000018a50956270 WorkerThread "GC Thread#2"                     [id=32988, stack(0x0000004604b00000,0x0000004604c00000) (1024K)]
  0x0000018a50956620 WorkerThread "GC Thread#3"                     [id=29456, stack(0x0000004604c00000,0x0000004604d00000) (1024K)]
  0x0000018a507912b0 WorkerThread "GC Thread#4"                     [id=29020, stack(0x0000004604d00000,0x0000004604e00000) (1024K)]
  0x0000018a50791660 WorkerThread "GC Thread#5"                     [id=34440, stack(0x0000004604e00000,0x0000004604f00000) (1024K)]
  0x0000018a365808a0 WorkerThread "GC Thread#6"                     [id=1744, stack(0x0000004605c00000,0x0000004605d00000) (1024K)]
  0x0000018a365813b0 WorkerThread "GC Thread#7"                     [id=24812, stack(0x0000004605d00000,0x0000004605e00000) (1024K)]
  0x0000018a36581b10 WorkerThread "GC Thread#8"                     [id=12976, stack(0x0000004605e00000,0x0000004605f00000) (1024K)]
  0x0000018a36581000 WorkerThread "GC Thread#9"                     [id=19876, stack(0x0000004605f00000,0x0000004606000000) (1024K)]
  0x0000018a20691100 ConcurrentGCThread "G1 Main Marker"            [id=32124, stack(0x0000004603a00000,0x0000004603b00000) (1024K)]
  0x0000018a206939b0 WorkerThread "G1 Conc#0"                       [id=34296, stack(0x0000004603b00000,0x0000004603c00000) (1024K)]
  0x0000018a52399c30 WorkerThread "G1 Conc#1"                       [id=32460, stack(0x0000004606000000,0x0000004606100000) (1024K)]
  0x0000018a5239b250 WorkerThread "G1 Conc#2"                       [id=34736, stack(0x0000004606100000,0x0000004606200000) (1024K)]
  0x0000018a2071eaf0 ConcurrentGCThread "G1 Refine#0"               [id=32672, stack(0x0000004603c00000,0x0000004603d00000) (1024K)]
  0x0000018a36322830 ConcurrentGCThread "G1 Service"                [id=32852, stack(0x0000004603d00000,0x0000004603e00000) (1024K)]
Total: 18

Threads with active compile tasks:
C2 CompilerThread1  54447 6862       4       org.gradle.internal.reflect.ClassInspector::inspectClass (179 bytes)
Total: 1

VM state: not at safepoint (normal execution)

VM Mutex/Monitor currently owned by a thread: None

Heap address: 0x00000000e0000000, size: 512 MB, Compressed Oops mode: 32-bit

CDS archive(s) mapped at: [0x0000018a37000000-0x0000018a37ba0000-0x0000018a37ba0000), size 12189696, SharedBaseAddress: 0x0000018a37000000, ArchiveRelocationMode: 1.
Compressed class space mapped at: 0x0000018a38000000-0x0000018a4c000000, reserved size: 335544320
Narrow klass base: 0x0000018a37000000, Narrow klass shift: 0, Narrow klass range: 0x100000000

GC Precious Log:
 CardTable entry size: 512
 Card Set container configuration: InlinePtr #cards 5 size 8 Array Of Cards #cards 12 size 40 Howl #buckets 4 coarsen threshold 1843 Howl Bitmap #cards 512 size 80 coarsen threshold 460 Card regions per heap region 1 cards per card region 2048
 CPUs: 12 total, 12 available
 Memory: 5989M
 Large Page Support: Disabled
 NUMA Support: Disabled
 Compressed Oops: Enabled (32-bit)
 Heap Region Size: 1M
 Heap Min Capacity: 256M
 Heap Initial Capacity: 256M
 Heap Max Capacity: 512M
 Pre-touch: Disabled
 Parallel Workers: 10
 Concurrent Workers: 3
 Concurrent Refinement Workers: 10
 Periodic GC: Disabled

Heap:
 garbage-first heap   total 262144K, used 48533K [0x00000000e0000000, 0x0000000100000000)
  region size 1024K, 20 young (20480K), 17 survivors (17408K)
 Metaspace       used 59399K, committed 61440K, reserved 393216K
  class space    used 8879K, committed 9856K, reserved 327680K

Heap Regions: E=young(eden), S=young(survivor), O=old, HS=humongous(starts), HC=humongous(continues), CS=collection set, F=free, TAMS=top-at-mark-start, PB=parsable bottom
|   0|0x00000000e0000000, 0x00000000e0100000, 0x00000000e0100000|100%|HS|  |TAMS 0x00000000e0000000| PB 0x00000000e0000000| Complete 
|   1|0x00000000e0100000, 0x00000000e0200000, 0x00000000e0200000|100%|HC|  |TAMS 0x00000000e0100000| PB 0x00000000e0100000| Complete 
|   2|0x00000000e0200000, 0x00000000e0300000, 0x00000000e0300000|100%|HC|  |TAMS 0x00000000e0200000| PB 0x00000000e0200000| Complete 
|   3|0x00000000e0300000, 0x00000000e0400000, 0x00000000e0400000|100%|HC|  |TAMS 0x00000000e0300000| PB 0x00000000e0300000| Complete 
|   4|0x00000000e0400000, 0x00000000e0500000, 0x00000000e0500000|100%| O|  |TAMS 0x00000000e0400000| PB 0x00000000e0400000| Untracked 
|   5|0x00000000e0500000, 0x00000000e0600000, 0x00000000e0600000|100%| O|  |TAMS 0x00000000e0500000| PB 0x00000000e0500000| Untracked 
|   6|0x00000000e0600000, 0x00000000e0700000, 0x00000000e0700000|100%| O|  |TAMS 0x00000000e0600000| PB 0x00000000e0600000| Untracked 
|   7|0x00000000e0700000, 0x00000000e0800000, 0x00000000e0800000|100%| O|  |TAMS 0x00000000e0700000| PB 0x00000000e0700000| Untracked 
|   8|0x00000000e0800000, 0x00000000e0900000, 0x00000000e0900000|100%|HS|  |TAMS 0x00000000e0800000| PB 0x00000000e0800000| Complete 
|   9|0x00000000e0900000, 0x00000000e0900000, 0x00000000e0a00000|  0%| F|  |TAMS 0x00000000e0900000| PB 0x00000000e0900000| Untracked 
|  10|0x00000000e0a00000, 0x00000000e0b00000, 0x00000000e0b00000|100%| O|  |TAMS 0x00000000e0a00000| PB 0x00000000e0a00000| Untracked 
|  11|0x00000000e0b00000, 0x00000000e0c00000, 0x00000000e0c00000|100%| O|  |TAMS 0x00000000e0b00000| PB 0x00000000e0b00000| Untracked 
|  12|0x00000000e0c00000, 0x00000000e0d00000, 0x00000000e0d00000|100%| O|  |TAMS 0x00000000e0c00000| PB 0x00000000e0c00000| Untracked 
|  13|0x00000000e0d00000, 0x00000000e0e00000, 0x00000000e0e00000|100%| O|  |TAMS 0x00000000e0d00000| PB 0x00000000e0d00000| Untracked 
|  14|0x00000000e0e00000, 0x00000000e0f00000, 0x00000000e0f00000|100%| O|  |TAMS 0x00000000e0e00000| PB 0x00000000e0e00000| Untracked 
|  15|0x00000000e0f00000, 0x00000000e1000000, 0x00000000e1000000|100%| O|  |TAMS 0x00000000e0f00000| PB 0x00000000e0f00000| Untracked 
|  16|0x00000000e1000000, 0x00000000e1100000, 0x00000000e1100000|100%| O|  |TAMS 0x00000000e1000000| PB 0x00000000e1000000| Untracked 
|  17|0x00000000e1100000, 0x00000000e1200000, 0x00000000e1200000|100%| O|  |TAMS 0x00000000e1100000| PB 0x00000000e1100000| Untracked 
|  18|0x00000000e1200000, 0x00000000e1300000, 0x00000000e1300000|100%| O|  |TAMS 0x00000000e1200000| PB 0x00000000e1200000| Untracked 
|  19|0x00000000e1300000, 0x00000000e1400000, 0x00000000e1400000|100%| O|  |TAMS 0x00000000e1300000| PB 0x00000000e1300000| Untracked 
|  20|0x00000000e1400000, 0x00000000e1500000, 0x00000000e1500000|100%| O|  |TAMS 0x00000000e1400000| PB 0x00000000e1400000| Untracked 
|  21|0x00000000e1500000, 0x00000000e1600000, 0x00000000e1600000|100%| O|  |TAMS 0x00000000e1500000| PB 0x00000000e1500000| Untracked 
|  22|0x00000000e1600000, 0x00000000e1700000, 0x00000000e1700000|100%| O|  |TAMS 0x00000000e1600000| PB 0x00000000e1600000| Untracked 
|  23|0x00000000e1700000, 0x00000000e1800000, 0x00000000e1800000|100%| O|  |TAMS 0x00000000e1700000| PB 0x00000000e1700000| Untracked 
|  24|0x00000000e1800000, 0x00000000e1900000, 0x00000000e1900000|100%| O|  |TAMS 0x00000000e1800000| PB 0x00000000e1800000| Untracked 
|  25|0x00000000e1900000, 0x00000000e1a00000, 0x00000000e1a00000|100%| O|  |TAMS 0x00000000e1900000| PB 0x00000000e1900000| Untracked 
|  26|0x00000000e1a00000, 0x00000000e1b00000, 0x00000000e1b00000|100%| O|  |TAMS 0x00000000e1a00000| PB 0x00000000e1a00000| Untracked 
|  27|0x00000000e1b00000, 0x00000000e1c00000, 0x00000000e1c00000|100%| O|  |TAMS 0x00000000e1b00000| PB 0x00000000e1b00000| Untracked 
|  28|0x00000000e1c00000, 0x00000000e1d00000, 0x00000000e1d00000|100%| O|  |TAMS 0x00000000e1c00000| PB 0x00000000e1c00000| Untracked 
|  29|0x00000000e1d00000, 0x00000000e1d78410, 0x00000000e1e00000| 46%| O|  |TAMS 0x00000000e1d00000| PB 0x00000000e1d00000| Untracked 
|  30|0x00000000e1e00000, 0x00000000e1e00000, 0x00000000e1f00000|  0%| F|  |TAMS 0x00000000e1e00000| PB 0x00000000e1e00000| Untracked 
|  31|0x00000000e1f00000, 0x00000000e1f00000, 0x00000000e2000000|  0%| F|  |TAMS 0x00000000e1f00000| PB 0x00000000e1f00000| Untracked 
|  32|0x00000000e2000000, 0x00000000e2000000, 0x00000000e2100000|  0%| F|  |TAMS 0x00000000e2000000| PB 0x00000000e2000000| Untracked 
|  33|0x00000000e2100000, 0x00000000e2100000, 0x00000000e2200000|  0%| F|  |TAMS 0x00000000e2100000| PB 0x00000000e2100000| Untracked 
|  34|0x00000000e2200000, 0x00000000e2200000, 0x00000000e2300000|  0%| F|  |TAMS 0x00000000e2200000| PB 0x00000000e2200000| Untracked 
|  35|0x00000000e2300000, 0x00000000e2300000, 0x00000000e2400000|  0%| F|  |TAMS 0x00000000e2300000| PB 0x00000000e2300000| Untracked 
|  36|0x00000000e2400000, 0x00000000e2400000, 0x00000000e2500000|  0%| F|  |TAMS 0x00000000e2400000| PB 0x00000000e2400000| Untracked 
|  37|0x00000000e2500000, 0x00000000e2500000, 0x00000000e2600000|  0%| F|  |TAMS 0x00000000e2500000| PB 0x00000000e2500000| Untracked 
|  38|0x00000000e2600000, 0x00000000e2600000, 0x00000000e2700000|  0%| F|  |TAMS 0x00000000e2600000| PB 0x00000000e2600000| Untracked 
|  39|0x00000000e2700000, 0x00000000e2700000, 0x00000000e2800000|  0%| F|  |TAMS 0x00000000e2700000| PB 0x00000000e2700000| Untracked 
|  40|0x00000000e2800000, 0x00000000e2800000, 0x00000000e2900000|  0%| F|  |TAMS 0x00000000e2800000| PB 0x00000000e2800000| Untracked 
|  41|0x00000000e2900000, 0x00000000e2900000, 0x00000000e2a00000|  0%| F|  |TAMS 0x00000000e2900000| PB 0x00000000e2900000| Untracked 
|  42|0x00000000e2a00000, 0x00000000e2a00000, 0x00000000e2b00000|  0%| F|  |TAMS 0x00000000e2a00000| PB 0x00000000e2a00000| Untracked 
|  43|0x00000000e2b00000, 0x00000000e2b00000, 0x00000000e2c00000|  0%| F|  |TAMS 0x00000000e2b00000| PB 0x00000000e2b00000| Untracked 
|  44|0x00000000e2c00000, 0x00000000e2c00000, 0x00000000e2d00000|  0%| F|  |TAMS 0x00000000e2c00000| PB 0x00000000e2c00000| Untracked 
|  45|0x00000000e2d00000, 0x00000000e2d00000, 0x00000000e2e00000|  0%| F|  |TAMS 0x00000000e2d00000| PB 0x00000000e2d00000| Untracked 
|  46|0x00000000e2e00000, 0x00000000e2e00000, 0x00000000e2f00000|  0%| F|  |TAMS 0x00000000e2e00000| PB 0x00000000e2e00000| Untracked 
|  47|0x00000000e2f00000, 0x00000000e2f00000, 0x00000000e3000000|  0%| F|  |TAMS 0x00000000e2f00000| PB 0x00000000e2f00000| Untracked 
|  48|0x00000000e3000000, 0x00000000e3000000, 0x00000000e3100000|  0%| F|  |TAMS 0x00000000e3000000| PB 0x00000000e3000000| Untracked 
|  49|0x00000000e3100000, 0x00000000e3100000, 0x00000000e3200000|  0%| F|  |TAMS 0x00000000e3100000| PB 0x00000000e3100000| Untracked 
|  50|0x00000000e3200000, 0x00000000e3200000, 0x00000000e3300000|  0%| F|  |TAMS 0x00000000e3200000| PB 0x00000000e3200000| Untracked 
|  51|0x00000000e3300000, 0x00000000e3300000, 0x00000000e3400000|  0%| F|  |TAMS 0x00000000e3300000| PB 0x00000000e3300000| Untracked 
|  52|0x00000000e3400000, 0x00000000e3400000, 0x00000000e3500000|  0%| F|  |TAMS 0x00000000e3400000| PB 0x00000000e3400000| Untracked 
|  53|0x00000000e3500000, 0x00000000e3500000, 0x00000000e3600000|  0%| F|  |TAMS 0x00000000e3500000| PB 0x00000000e3500000| Untracked 
|  54|0x00000000e3600000, 0x00000000e3600000, 0x00000000e3700000|  0%| F|  |TAMS 0x00000000e3600000| PB 0x00000000e3600000| Untracked 
|  55|0x00000000e3700000, 0x00000000e3700000, 0x00000000e3800000|  0%| F|  |TAMS 0x00000000e3700000| PB 0x00000000e3700000| Untracked 
|  56|0x00000000e3800000, 0x00000000e3800000, 0x00000000e3900000|  0%| F|  |TAMS 0x00000000e3800000| PB 0x00000000e3800000| Untracked 
|  57|0x00000000e3900000, 0x00000000e3900000, 0x00000000e3a00000|  0%| F|  |TAMS 0x00000000e3900000| PB 0x00000000e3900000| Untracked 
|  58|0x00000000e3a00000, 0x00000000e3a00000, 0x00000000e3b00000|  0%| F|  |TAMS 0x00000000e3a00000| PB 0x00000000e3a00000| Untracked 
|  59|0x00000000e3b00000, 0x00000000e3b00000, 0x00000000e3c00000|  0%| F|  |TAMS 0x00000000e3b00000| PB 0x00000000e3b00000| Untracked 
|  60|0x00000000e3c00000, 0x00000000e3c00000, 0x00000000e3d00000|  0%| F|  |TAMS 0x00000000e3c00000| PB 0x00000000e3c00000| Untracked 
|  61|0x00000000e3d00000, 0x00000000e3d00000, 0x00000000e3e00000|  0%| F|  |TAMS 0x00000000e3d00000| PB 0x00000000e3d00000| Untracked 
|  62|0x00000000e3e00000, 0x00000000e3e00000, 0x00000000e3f00000|  0%| F|  |TAMS 0x00000000e3e00000| PB 0x00000000e3e00000| Untracked 
|  63|0x00000000e3f00000, 0x00000000e3f00000, 0x00000000e4000000|  0%| F|  |TAMS 0x00000000e3f00000| PB 0x00000000e3f00000| Untracked 
|  64|0x00000000e4000000, 0x00000000e4000000, 0x00000000e4100000|  0%| F|  |TAMS 0x00000000e4000000| PB 0x00000000e4000000| Untracked 
|  65|0x00000000e4100000, 0x00000000e4100000, 0x00000000e4200000|  0%| F|  |TAMS 0x00000000e4100000| PB 0x00000000e4100000| Untracked 
|  66|0x00000000e4200000, 0x00000000e4200000, 0x00000000e4300000|  0%| F|  |TAMS 0x00000000e4200000| PB 0x00000000e4200000| Untracked 
|  67|0x00000000e4300000, 0x00000000e4300000, 0x00000000e4400000|  0%| F|  |TAMS 0x00000000e4300000| PB 0x00000000e4300000| Untracked 
|  68|0x00000000e4400000, 0x00000000e4400000, 0x00000000e4500000|  0%| F|  |TAMS 0x00000000e4400000| PB 0x00000000e4400000| Untracked 
|  69|0x00000000e4500000, 0x00000000e4500000, 0x00000000e4600000|  0%| F|  |TAMS 0x00000000e4500000| PB 0x00000000e4500000| Untracked 
|  70|0x00000000e4600000, 0x00000000e4600000, 0x00000000e4700000|  0%| F|  |TAMS 0x00000000e4600000| PB 0x00000000e4600000| Untracked 
|  71|0x00000000e4700000, 0x00000000e4700000, 0x00000000e4800000|  0%| F|  |TAMS 0x00000000e4700000| PB 0x00000000e4700000| Untracked 
|  72|0x00000000e4800000, 0x00000000e4800000, 0x00000000e4900000|  0%| F|  |TAMS 0x00000000e4800000| PB 0x00000000e4800000| Untracked 
|  73|0x00000000e4900000, 0x00000000e4900000, 0x00000000e4a00000|  0%| F|  |TAMS 0x00000000e4900000| PB 0x00000000e4900000| Untracked 
|  74|0x00000000e4a00000, 0x00000000e4a00000, 0x00000000e4b00000|  0%| F|  |TAMS 0x00000000e4a00000| PB 0x00000000e4a00000| Untracked 
|  75|0x00000000e4b00000, 0x00000000e4b00000, 0x00000000e4c00000|  0%| F|  |TAMS 0x00000000e4b00000| PB 0x00000000e4b00000| Untracked 
|  76|0x00000000e4c00000, 0x00000000e4c00000, 0x00000000e4d00000|  0%| F|  |TAMS 0x00000000e4c00000| PB 0x00000000e4c00000| Untracked 
|  77|0x00000000e4d00000, 0x00000000e4d00000, 0x00000000e4e00000|  0%| F|  |TAMS 0x00000000e4d00000| PB 0x00000000e4d00000| Untracked 
|  78|0x00000000e4e00000, 0x00000000e4e00000, 0x00000000e4f00000|  0%| F|  |TAMS 0x00000000e4e00000| PB 0x00000000e4e00000| Untracked 
|  79|0x00000000e4f00000, 0x00000000e4f00000, 0x00000000e5000000|  0%| F|  |TAMS 0x00000000e4f00000| PB 0x00000000e4f00000| Untracked 
|  80|0x00000000e5000000, 0x00000000e5000000, 0x00000000e5100000|  0%| F|  |TAMS 0x00000000e5000000| PB 0x00000000e5000000| Untracked 
|  81|0x00000000e5100000, 0x00000000e5100000, 0x00000000e5200000|  0%| F|  |TAMS 0x00000000e5100000| PB 0x00000000e5100000| Untracked 
|  82|0x00000000e5200000, 0x00000000e5200000, 0x00000000e5300000|  0%| F|  |TAMS 0x00000000e5200000| PB 0x00000000e5200000| Untracked 
|  83|0x00000000e5300000, 0x00000000e5300000, 0x00000000e5400000|  0%| F|  |TAMS 0x00000000e5300000| PB 0x00000000e5300000| Untracked 
|  84|0x00000000e5400000, 0x00000000e5400000, 0x00000000e5500000|  0%| F|  |TAMS 0x00000000e5400000| PB 0x00000000e5400000| Untracked 
|  85|0x00000000e5500000, 0x00000000e5500000, 0x00000000e5600000|  0%| F|  |TAMS 0x00000000e5500000| PB 0x00000000e5500000| Untracked 
|  86|0x00000000e5600000, 0x00000000e5600000, 0x00000000e5700000|  0%| F|  |TAMS 0x00000000e5600000| PB 0x00000000e5600000| Untracked 
|  87|0x00000000e5700000, 0x00000000e5700000, 0x00000000e5800000|  0%| F|  |TAMS 0x00000000e5700000| PB 0x00000000e5700000| Untracked 
|  88|0x00000000e5800000, 0x00000000e5800000, 0x00000000e5900000|  0%| F|  |TAMS 0x00000000e5800000| PB 0x00000000e5800000| Untracked 
|  89|0x00000000e5900000, 0x00000000e5900000, 0x00000000e5a00000|  0%| F|  |TAMS 0x00000000e5900000| PB 0x00000000e5900000| Untracked 
|  90|0x00000000e5a00000, 0x00000000e5a00000, 0x00000000e5b00000|  0%| F|  |TAMS 0x00000000e5a00000| PB 0x00000000e5a00000| Untracked 
|  91|0x00000000e5b00000, 0x00000000e5b00000, 0x00000000e5c00000|  0%| F|  |TAMS 0x00000000e5b00000| PB 0x00000000e5b00000| Untracked 
|  92|0x00000000e5c00000, 0x00000000e5c00000, 0x00000000e5d00000|  0%| F|  |TAMS 0x00000000e5c00000| PB 0x00000000e5c00000| Untracked 
|  93|0x00000000e5d00000, 0x00000000e5d00000, 0x00000000e5e00000|  0%| F|  |TAMS 0x00000000e5d00000| PB 0x00000000e5d00000| Untracked 
|  94|0x00000000e5e00000, 0x00000000e5e00000, 0x00000000e5f00000|  0%| F|  |TAMS 0x00000000e5e00000| PB 0x00000000e5e00000| Untracked 
|  95|0x00000000e5f00000, 0x00000000e5f00000, 0x00000000e6000000|  0%| F|  |TAMS 0x00000000e5f00000| PB 0x00000000e5f00000| Untracked 
|  96|0x00000000e6000000, 0x00000000e6000000, 0x00000000e6100000|  0%| F|  |TAMS 0x00000000e6000000| PB 0x00000000e6000000| Untracked 
|  97|0x00000000e6100000, 0x00000000e6100000, 0x00000000e6200000|  0%| F|  |TAMS 0x00000000e6100000| PB 0x00000000e6100000| Untracked 
|  98|0x00000000e6200000, 0x00000000e6200000, 0x00000000e6300000|  0%| F|  |TAMS 0x00000000e6200000| PB 0x00000000e6200000| Untracked 
|  99|0x00000000e6300000, 0x00000000e6300000, 0x00000000e6400000|  0%| F|  |TAMS 0x00000000e6300000| PB 0x00000000e6300000| Untracked 
| 100|0x00000000e6400000, 0x00000000e6400000, 0x00000000e6500000|  0%| F|  |TAMS 0x00000000e6400000| PB 0x00000000e6400000| Untracked 
| 101|0x00000000e6500000, 0x00000000e6500000, 0x00000000e6600000|  0%| F|  |TAMS 0x00000000e6500000| PB 0x00000000e6500000| Untracked 
| 102|0x00000000e6600000, 0x00000000e66ed3c0, 0x00000000e6700000| 92%| S|CS|TAMS 0x00000000e6600000| PB 0x00000000e6600000| Complete 
| 103|0x00000000e6700000, 0x00000000e6800000, 0x00000000e6800000|100%| S|CS|TAMS 0x00000000e6700000| PB 0x00000000e6700000| Complete 
| 104|0x00000000e6800000, 0x00000000e6900000, 0x00000000e6900000|100%| S|CS|TAMS 0x00000000e6800000| PB 0x00000000e6800000| Complete 
| 105|0x00000000e6900000, 0x00000000e6a00000, 0x00000000e6a00000|100%| S|CS|TAMS 0x00000000e6900000| PB 0x00000000e6900000| Complete 
| 106|0x00000000e6a00000, 0x00000000e6b00000, 0x00000000e6b00000|100%| S|CS|TAMS 0x00000000e6a00000| PB 0x00000000e6a00000| Complete 
| 107|0x00000000e6b00000, 0x00000000e6c00000, 0x00000000e6c00000|100%| S|CS|TAMS 0x00000000e6b00000| PB 0x00000000e6b00000| Complete 
| 108|0x00000000e6c00000, 0x00000000e6d00000, 0x00000000e6d00000|100%| S|CS|TAMS 0x00000000e6c00000| PB 0x00000000e6c00000| Complete 
| 109|0x00000000e6d00000, 0x00000000e6e00000, 0x00000000e6e00000|100%| S|CS|TAMS 0x00000000e6d00000| PB 0x00000000e6d00000| Complete 
| 110|0x00000000e6e00000, 0x00000000e6f00000, 0x00000000e6f00000|100%| S|CS|TAMS 0x00000000e6e00000| PB 0x00000000e6e00000| Complete 
| 111|0x00000000e6f00000, 0x00000000e7000000, 0x00000000e7000000|100%| S|CS|TAMS 0x00000000e6f00000| PB 0x00000000e6f00000| Complete 
| 112|0x00000000e7000000, 0x00000000e7100000, 0x00000000e7100000|100%| S|CS|TAMS 0x00000000e7000000| PB 0x00000000e7000000| Complete 
| 113|0x00000000e7100000, 0x00000000e7200000, 0x00000000e7200000|100%| S|CS|TAMS 0x00000000e7100000| PB 0x00000000e7100000| Complete 
| 114|0x00000000e7200000, 0x00000000e7300000, 0x00000000e7300000|100%| S|CS|TAMS 0x00000000e7200000| PB 0x00000000e7200000| Complete 
| 115|0x00000000e7300000, 0x00000000e7400000, 0x00000000e7400000|100%| S|CS|TAMS 0x00000000e7300000| PB 0x00000000e7300000| Complete 
| 116|0x00000000e7400000, 0x00000000e7400000, 0x00000000e7500000|  0%| F|  |TAMS 0x00000000e7400000| PB 0x00000000e7400000| Untracked 
| 117|0x00000000e7500000, 0x00000000e7500000, 0x00000000e7600000|  0%| F|  |TAMS 0x00000000e7500000| PB 0x00000000e7500000| Untracked 
| 118|0x00000000e7600000, 0x00000000e7600000, 0x00000000e7700000|  0%| F|  |TAMS 0x00000000e7600000| PB 0x00000000e7600000| Untracked 
| 119|0x00000000e7700000, 0x00000000e7700000, 0x00000000e7800000|  0%| F|  |TAMS 0x00000000e7700000| PB 0x00000000e7700000| Untracked 
| 120|0x00000000e7800000, 0x00000000e7800000, 0x00000000e7900000|  0%| F|  |TAMS 0x00000000e7800000| PB 0x00000000e7800000| Untracked 
| 121|0x00000000e7900000, 0x00000000e7900000, 0x00000000e7a00000|  0%| F|  |TAMS 0x00000000e7900000| PB 0x00000000e7900000| Untracked 
| 122|0x00000000e7a00000, 0x00000000e7a00000, 0x00000000e7b00000|  0%| F|  |TAMS 0x00000000e7a00000| PB 0x00000000e7a00000| Untracked 
| 123|0x00000000e7b00000, 0x00000000e7b00000, 0x00000000e7c00000|  0%| F|  |TAMS 0x00000000e7b00000| PB 0x00000000e7b00000| Untracked 
| 124|0x00000000e7c00000, 0x00000000e7c00000, 0x00000000e7d00000|  0%| F|  |TAMS 0x00000000e7c00000| PB 0x00000000e7c00000| Untracked 
| 125|0x00000000e7d00000, 0x00000000e7d00000, 0x00000000e7e00000|  0%| F|  |TAMS 0x00000000e7d00000| PB 0x00000000e7d00000| Untracked 
| 126|0x00000000e7e00000, 0x00000000e7e00000, 0x00000000e7f00000|  0%| F|  |TAMS 0x00000000e7e00000| PB 0x00000000e7e00000| Untracked 
| 127|0x00000000e7f00000, 0x00000000e7f00000, 0x00000000e8000000|  0%| F|  |TAMS 0x00000000e7f00000| PB 0x00000000e7f00000| Untracked 
| 128|0x00000000e8000000, 0x00000000e8000000, 0x00000000e8100000|  0%| F|  |TAMS 0x00000000e8000000| PB 0x00000000e8000000| Untracked 
| 129|0x00000000e8100000, 0x00000000e8100000, 0x00000000e8200000|  0%| F|  |TAMS 0x00000000e8100000| PB 0x00000000e8100000| Untracked 
| 130|0x00000000e8200000, 0x00000000e8200000, 0x00000000e8300000|  0%| F|  |TAMS 0x00000000e8200000| PB 0x00000000e8200000| Untracked 
| 131|0x00000000e8300000, 0x00000000e8400000, 0x00000000e8400000|100%| S|CS|TAMS 0x00000000e8300000| PB 0x00000000e8300000| Complete 
| 132|0x00000000e8400000, 0x00000000e8500000, 0x00000000e8500000|100%| S|CS|TAMS 0x00000000e8400000| PB 0x00000000e8400000| Complete 
| 133|0x00000000e8500000, 0x00000000e8600000, 0x00000000e8600000|100%| S|CS|TAMS 0x00000000e8500000| PB 0x00000000e8500000| Complete 
| 134|0x00000000e8600000, 0x00000000e8600000, 0x00000000e8700000|  0%| F|  |TAMS 0x00000000e8600000| PB 0x00000000e8600000| Untracked 
| 135|0x00000000e8700000, 0x00000000e8700000, 0x00000000e8800000|  0%| F|  |TAMS 0x00000000e8700000| PB 0x00000000e8700000| Untracked 
| 136|0x00000000e8800000, 0x00000000e8800000, 0x00000000e8900000|  0%| F|  |TAMS 0x00000000e8800000| PB 0x00000000e8800000| Untracked 
| 137|0x00000000e8900000, 0x00000000e8900000, 0x00000000e8a00000|  0%| F|  |TAMS 0x00000000e8900000| PB 0x00000000e8900000| Untracked 
| 138|0x00000000e8a00000, 0x00000000e8a00000, 0x00000000e8b00000|  0%| F|  |TAMS 0x00000000e8a00000| PB 0x00000000e8a00000| Untracked 
| 139|0x00000000e8b00000, 0x00000000e8b00000, 0x00000000e8c00000|  0%| F|  |TAMS 0x00000000e8b00000| PB 0x00000000e8b00000| Untracked 
| 140|0x00000000e8c00000, 0x00000000e8c00000, 0x00000000e8d00000|  0%| F|  |TAMS 0x00000000e8c00000| PB 0x00000000e8c00000| Untracked 
| 141|0x00000000e8d00000, 0x00000000e8d00000, 0x00000000e8e00000|  0%| F|  |TAMS 0x00000000e8d00000| PB 0x00000000e8d00000| Untracked 
| 142|0x00000000e8e00000, 0x00000000e8e00000, 0x00000000e8f00000|  0%| F|  |TAMS 0x00000000e8e00000| PB 0x00000000e8e00000| Untracked 
| 143|0x00000000e8f00000, 0x00000000e8f00000, 0x00000000e9000000|  0%| F|  |TAMS 0x00000000e8f00000| PB 0x00000000e8f00000| Untracked 
| 144|0x00000000e9000000, 0x00000000e9000000, 0x00000000e9100000|  0%| F|  |TAMS 0x00000000e9000000| PB 0x00000000e9000000| Untracked 
| 145|0x00000000e9100000, 0x00000000e9100000, 0x00000000e9200000|  0%| F|  |TAMS 0x00000000e9100000| PB 0x00000000e9100000| Untracked 
| 146|0x00000000e9200000, 0x00000000e9200000, 0x00000000e9300000|  0%| F|  |TAMS 0x00000000e9200000| PB 0x00000000e9200000| Untracked 
| 147|0x00000000e9300000, 0x00000000e9300000, 0x00000000e9400000|  0%| F|  |TAMS 0x00000000e9300000| PB 0x00000000e9300000| Untracked 
| 148|0x00000000e9400000, 0x00000000e9400000, 0x00000000e9500000|  0%| F|  |TAMS 0x00000000e9400000| PB 0x00000000e9400000| Untracked 
| 149|0x00000000e9500000, 0x00000000e9500000, 0x00000000e9600000|  0%| F|  |TAMS 0x00000000e9500000| PB 0x00000000e9500000| Untracked 
| 150|0x00000000e9600000, 0x00000000e9600000, 0x00000000e9700000|  0%| F|  |TAMS 0x00000000e9600000| PB 0x00000000e9600000| Untracked 
| 151|0x00000000e9700000, 0x00000000e9700000, 0x00000000e9800000|  0%| F|  |TAMS 0x00000000e9700000| PB 0x00000000e9700000| Untracked 
| 152|0x00000000e9800000, 0x00000000e9800000, 0x00000000e9900000|  0%| F|  |TAMS 0x00000000e9800000| PB 0x00000000e9800000| Untracked 
| 153|0x00000000e9900000, 0x00000000e9900000, 0x00000000e9a00000|  0%| F|  |TAMS 0x00000000e9900000| PB 0x00000000e9900000| Untracked 
| 154|0x00000000e9a00000, 0x00000000e9a00000, 0x00000000e9b00000|  0%| F|  |TAMS 0x00000000e9a00000| PB 0x00000000e9a00000| Untracked 
| 155|0x00000000e9b00000, 0x00000000e9b00000, 0x00000000e9c00000|  0%| F|  |TAMS 0x00000000e9b00000| PB 0x00000000e9b00000| Untracked 
| 156|0x00000000e9c00000, 0x00000000e9c00000, 0x00000000e9d00000|  0%| F|  |TAMS 0x00000000e9c00000| PB 0x00000000e9c00000| Untracked 
| 157|0x00000000e9d00000, 0x00000000e9d00000, 0x00000000e9e00000|  0%| F|  |TAMS 0x00000000e9d00000| PB 0x00000000e9d00000| Untracked 
| 158|0x00000000e9e00000, 0x00000000e9e00000, 0x00000000e9f00000|  0%| F|  |TAMS 0x00000000e9e00000| PB 0x00000000e9e00000| Untracked 
| 159|0x00000000e9f00000, 0x00000000e9f00000, 0x00000000ea000000|  0%| F|  |TAMS 0x00000000e9f00000| PB 0x00000000e9f00000| Untracked 
| 160|0x00000000ea000000, 0x00000000ea000000, 0x00000000ea100000|  0%| F|  |TAMS 0x00000000ea000000| PB 0x00000000ea000000| Untracked 
| 161|0x00000000ea100000, 0x00000000ea100000, 0x00000000ea200000|  0%| F|  |TAMS 0x00000000ea100000| PB 0x00000000ea100000| Untracked 
| 162|0x00000000ea200000, 0x00000000ea200000, 0x00000000ea300000|  0%| F|  |TAMS 0x00000000ea200000| PB 0x00000000ea200000| Untracked 
| 163|0x00000000ea300000, 0x00000000ea300000, 0x00000000ea400000|  0%| F|  |TAMS 0x00000000ea300000| PB 0x00000000ea300000| Untracked 
| 164|0x00000000ea400000, 0x00000000ea400000, 0x00000000ea500000|  0%| F|  |TAMS 0x00000000ea400000| PB 0x00000000ea400000| Untracked 
| 165|0x00000000ea500000, 0x00000000ea500000, 0x00000000ea600000|  0%| F|  |TAMS 0x00000000ea500000| PB 0x00000000ea500000| Untracked 
| 166|0x00000000ea600000, 0x00000000ea600000, 0x00000000ea700000|  0%| F|  |TAMS 0x00000000ea600000| PB 0x00000000ea600000| Untracked 
| 167|0x00000000ea700000, 0x00000000ea700000, 0x00000000ea800000|  0%| F|  |TAMS 0x00000000ea700000| PB 0x00000000ea700000| Untracked 
| 168|0x00000000ea800000, 0x00000000ea800000, 0x00000000ea900000|  0%| F|  |TAMS 0x00000000ea800000| PB 0x00000000ea800000| Untracked 
| 169|0x00000000ea900000, 0x00000000ea900000, 0x00000000eaa00000|  0%| F|  |TAMS 0x00000000ea900000| PB 0x00000000ea900000| Untracked 
| 170|0x00000000eaa00000, 0x00000000eaa00000, 0x00000000eab00000|  0%| F|  |TAMS 0x00000000eaa00000| PB 0x00000000eaa00000| Untracked 
| 171|0x00000000eab00000, 0x00000000eab00000, 0x00000000eac00000|  0%| F|  |TAMS 0x00000000eab00000| PB 0x00000000eab00000| Untracked 
| 172|0x00000000eac00000, 0x00000000eac00000, 0x00000000ead00000|  0%| F|  |TAMS 0x00000000eac00000| PB 0x00000000eac00000| Untracked 
| 173|0x00000000ead00000, 0x00000000ead00000, 0x00000000eae00000|  0%| F|  |TAMS 0x00000000ead00000| PB 0x00000000ead00000| Untracked 
| 174|0x00000000eae00000, 0x00000000eae00000, 0x00000000eaf00000|  0%| F|  |TAMS 0x00000000eae00000| PB 0x00000000eae00000| Untracked 
| 175|0x00000000eaf00000, 0x00000000eaf00000, 0x00000000eb000000|  0%| F|  |TAMS 0x00000000eaf00000| PB 0x00000000eaf00000| Untracked 
| 176|0x00000000eb000000, 0x00000000eb000000, 0x00000000eb100000|  0%| F|  |TAMS 0x00000000eb000000| PB 0x00000000eb000000| Untracked 
| 177|0x00000000eb100000, 0x00000000eb100000, 0x00000000eb200000|  0%| F|  |TAMS 0x00000000eb100000| PB 0x00000000eb100000| Untracked 
| 178|0x00000000eb200000, 0x00000000eb200000, 0x00000000eb300000|  0%| F|  |TAMS 0x00000000eb200000| PB 0x00000000eb200000| Untracked 
| 179|0x00000000eb300000, 0x00000000eb300000, 0x00000000eb400000|  0%| F|  |TAMS 0x00000000eb300000| PB 0x00000000eb300000| Untracked 
| 180|0x00000000eb400000, 0x00000000eb400000, 0x00000000eb500000|  0%| F|  |TAMS 0x00000000eb400000| PB 0x00000000eb400000| Untracked 
| 181|0x00000000eb500000, 0x00000000eb500000, 0x00000000eb600000|  0%| F|  |TAMS 0x00000000eb500000| PB 0x00000000eb500000| Untracked 
| 182|0x00000000eb600000, 0x00000000eb600000, 0x00000000eb700000|  0%| F|  |TAMS 0x00000000eb600000| PB 0x00000000eb600000| Untracked 
| 183|0x00000000eb700000, 0x00000000eb700000, 0x00000000eb800000|  0%| F|  |TAMS 0x00000000eb700000| PB 0x00000000eb700000| Untracked 
| 184|0x00000000eb800000, 0x00000000eb800000, 0x00000000eb900000|  0%| F|  |TAMS 0x00000000eb800000| PB 0x00000000eb800000| Untracked 
| 185|0x00000000eb900000, 0x00000000eb900000, 0x00000000eba00000|  0%| F|  |TAMS 0x00000000eb900000| PB 0x00000000eb900000| Untracked 
| 186|0x00000000eba00000, 0x00000000eba00000, 0x00000000ebb00000|  0%| F|  |TAMS 0x00000000eba00000| PB 0x00000000eba00000| Untracked 
| 187|0x00000000ebb00000, 0x00000000ebb00000, 0x00000000ebc00000|  0%| F|  |TAMS 0x00000000ebb00000| PB 0x00000000ebb00000| Untracked 
| 188|0x00000000ebc00000, 0x00000000ebc00000, 0x00000000ebd00000|  0%| F|  |TAMS 0x00000000ebc00000| PB 0x00000000ebc00000| Untracked 
| 189|0x00000000ebd00000, 0x00000000ebd00000, 0x00000000ebe00000|  0%| F|  |TAMS 0x00000000ebd00000| PB 0x00000000ebd00000| Untracked 
| 190|0x00000000ebe00000, 0x00000000ebe00000, 0x00000000ebf00000|  0%| F|  |TAMS 0x00000000ebe00000| PB 0x00000000ebe00000| Untracked 
| 191|0x00000000ebf00000, 0x00000000ebf00000, 0x00000000ec000000|  0%| F|  |TAMS 0x00000000ebf00000| PB 0x00000000ebf00000| Untracked 
| 192|0x00000000ec000000, 0x00000000ec000000, 0x00000000ec100000|  0%| F|  |TAMS 0x00000000ec000000| PB 0x00000000ec000000| Untracked 
| 193|0x00000000ec100000, 0x00000000ec100000, 0x00000000ec200000|  0%| F|  |TAMS 0x00000000ec100000| PB 0x00000000ec100000| Untracked 
| 194|0x00000000ec200000, 0x00000000ec200000, 0x00000000ec300000|  0%| F|  |TAMS 0x00000000ec200000| PB 0x00000000ec200000| Untracked 
| 195|0x00000000ec300000, 0x00000000ec300000, 0x00000000ec400000|  0%| F|  |TAMS 0x00000000ec300000| PB 0x00000000ec300000| Untracked 
| 196|0x00000000ec400000, 0x00000000ec400000, 0x00000000ec500000|  0%| F|  |TAMS 0x00000000ec400000| PB 0x00000000ec400000| Untracked 
| 197|0x00000000ec500000, 0x00000000ec500000, 0x00000000ec600000|  0%| F|  |TAMS 0x00000000ec500000| PB 0x00000000ec500000| Untracked 
| 198|0x00000000ec600000, 0x00000000ec600000, 0x00000000ec700000|  0%| F|  |TAMS 0x00000000ec600000| PB 0x00000000ec600000| Untracked 
| 199|0x00000000ec700000, 0x00000000ec700000, 0x00000000ec800000|  0%| F|  |TAMS 0x00000000ec700000| PB 0x00000000ec700000| Untracked 
| 200|0x00000000ec800000, 0x00000000ec800000, 0x00000000ec900000|  0%| F|  |TAMS 0x00000000ec800000| PB 0x00000000ec800000| Untracked 
| 201|0x00000000ec900000, 0x00000000ec900000, 0x00000000eca00000|  0%| F|  |TAMS 0x00000000ec900000| PB 0x00000000ec900000| Untracked 
| 202|0x00000000eca00000, 0x00000000eca00000, 0x00000000ecb00000|  0%| F|  |TAMS 0x00000000eca00000| PB 0x00000000eca00000| Untracked 
| 203|0x00000000ecb00000, 0x00000000ecb00000, 0x00000000ecc00000|  0%| F|  |TAMS 0x00000000ecb00000| PB 0x00000000ecb00000| Untracked 
| 204|0x00000000ecc00000, 0x00000000ecc00000, 0x00000000ecd00000|  0%| F|  |TAMS 0x00000000ecc00000| PB 0x00000000ecc00000| Untracked 
| 205|0x00000000ecd00000, 0x00000000ecd00000, 0x00000000ece00000|  0%| F|  |TAMS 0x00000000ecd00000| PB 0x00000000ecd00000| Untracked 
| 206|0x00000000ece00000, 0x00000000ece00000, 0x00000000ecf00000|  0%| F|  |TAMS 0x00000000ece00000| PB 0x00000000ece00000| Untracked 
| 207|0x00000000ecf00000, 0x00000000ecf00000, 0x00000000ed000000|  0%| F|  |TAMS 0x00000000ecf00000| PB 0x00000000ecf00000| Untracked 
| 208|0x00000000ed000000, 0x00000000ed000000, 0x00000000ed100000|  0%| F|  |TAMS 0x00000000ed000000| PB 0x00000000ed000000| Untracked 
| 209|0x00000000ed100000, 0x00000000ed100000, 0x00000000ed200000|  0%| F|  |TAMS 0x00000000ed100000| PB 0x00000000ed100000| Untracked 
| 210|0x00000000ed200000, 0x00000000ed200000, 0x00000000ed300000|  0%| F|  |TAMS 0x00000000ed200000| PB 0x00000000ed200000| Untracked 
| 211|0x00000000ed300000, 0x00000000ed300000, 0x00000000ed400000|  0%| F|  |TAMS 0x00000000ed300000| PB 0x00000000ed300000| Untracked 
| 212|0x00000000ed400000, 0x00000000ed400000, 0x00000000ed500000|  0%| F|  |TAMS 0x00000000ed400000| PB 0x00000000ed400000| Untracked 
| 213|0x00000000ed500000, 0x00000000ed500000, 0x00000000ed600000|  0%| F|  |TAMS 0x00000000ed500000| PB 0x00000000ed500000| Untracked 
| 214|0x00000000ed600000, 0x00000000ed600000, 0x00000000ed700000|  0%| F|  |TAMS 0x00000000ed600000| PB 0x00000000ed600000| Untracked 
| 215|0x00000000ed700000, 0x00000000ed700000, 0x00000000ed800000|  0%| F|  |TAMS 0x00000000ed700000| PB 0x00000000ed700000| Untracked 
| 216|0x00000000ed800000, 0x00000000ed800000, 0x00000000ed900000|  0%| F|  |TAMS 0x00000000ed800000| PB 0x00000000ed800000| Untracked 
| 217|0x00000000ed900000, 0x00000000ed900000, 0x00000000eda00000|  0%| F|  |TAMS 0x00000000ed900000| PB 0x00000000ed900000| Untracked 
| 218|0x00000000eda00000, 0x00000000eda00000, 0x00000000edb00000|  0%| F|  |TAMS 0x00000000eda00000| PB 0x00000000eda00000| Untracked 
| 219|0x00000000edb00000, 0x00000000edb00000, 0x00000000edc00000|  0%| F|  |TAMS 0x00000000edb00000| PB 0x00000000edb00000| Untracked 
| 220|0x00000000edc00000, 0x00000000edc00000, 0x00000000edd00000|  0%| F|  |TAMS 0x00000000edc00000| PB 0x00000000edc00000| Untracked 
| 221|0x00000000edd00000, 0x00000000edd00000, 0x00000000ede00000|  0%| F|  |TAMS 0x00000000edd00000| PB 0x00000000edd00000| Untracked 
| 222|0x00000000ede00000, 0x00000000ede00000, 0x00000000edf00000|  0%| F|  |TAMS 0x00000000ede00000| PB 0x00000000ede00000| Untracked 
| 223|0x00000000edf00000, 0x00000000edf00000, 0x00000000ee000000|  0%| F|  |TAMS 0x00000000edf00000| PB 0x00000000edf00000| Untracked 
| 224|0x00000000ee000000, 0x00000000ee000000, 0x00000000ee100000|  0%| F|  |TAMS 0x00000000ee000000| PB 0x00000000ee000000| Untracked 
| 225|0x00000000ee100000, 0x00000000ee100000, 0x00000000ee200000|  0%| F|  |TAMS 0x00000000ee100000| PB 0x00000000ee100000| Untracked 
| 226|0x00000000ee200000, 0x00000000ee200000, 0x00000000ee300000|  0%| F|  |TAMS 0x00000000ee200000| PB 0x00000000ee200000| Untracked 
| 227|0x00000000ee300000, 0x00000000ee300000, 0x00000000ee400000|  0%| F|  |TAMS 0x00000000ee300000| PB 0x00000000ee300000| Untracked 
| 228|0x00000000ee400000, 0x00000000ee400000, 0x00000000ee500000|  0%| F|  |TAMS 0x00000000ee400000| PB 0x00000000ee400000| Untracked 
| 229|0x00000000ee500000, 0x00000000ee500000, 0x00000000ee600000|  0%| F|  |TAMS 0x00000000ee500000| PB 0x00000000ee500000| Untracked 
| 230|0x00000000ee600000, 0x00000000ee600000, 0x00000000ee700000|  0%| F|  |TAMS 0x00000000ee600000| PB 0x00000000ee600000| Untracked 
| 231|0x00000000ee700000, 0x00000000ee700000, 0x00000000ee800000|  0%| F|  |TAMS 0x00000000ee700000| PB 0x00000000ee700000| Untracked 
| 232|0x00000000ee800000, 0x00000000ee800000, 0x00000000ee900000|  0%| F|  |TAMS 0x00000000ee800000| PB 0x00000000ee800000| Untracked 
| 233|0x00000000ee900000, 0x00000000ee900000, 0x00000000eea00000|  0%| F|  |TAMS 0x00000000ee900000| PB 0x00000000ee900000| Untracked 
| 234|0x00000000eea00000, 0x00000000eea00000, 0x00000000eeb00000|  0%| F|  |TAMS 0x00000000eea00000| PB 0x00000000eea00000| Untracked 
| 235|0x00000000eeb00000, 0x00000000eeb00000, 0x00000000eec00000|  0%| F|  |TAMS 0x00000000eeb00000| PB 0x00000000eeb00000| Untracked 
| 236|0x00000000eec00000, 0x00000000eec00000, 0x00000000eed00000|  0%| F|  |TAMS 0x00000000eec00000| PB 0x00000000eec00000| Untracked 
| 237|0x00000000eed00000, 0x00000000eed00000, 0x00000000eee00000|  0%| F|  |TAMS 0x00000000eed00000| PB 0x00000000eed00000| Untracked 
| 238|0x00000000eee00000, 0x00000000eee00000, 0x00000000eef00000|  0%| F|  |TAMS 0x00000000eee00000| PB 0x00000000eee00000| Untracked 
| 239|0x00000000eef00000, 0x00000000eef00000, 0x00000000ef000000|  0%| F|  |TAMS 0x00000000eef00000| PB 0x00000000eef00000| Untracked 
| 240|0x00000000ef000000, 0x00000000ef000000, 0x00000000ef100000|  0%| F|  |TAMS 0x00000000ef000000| PB 0x00000000ef000000| Untracked 
| 241|0x00000000ef100000, 0x00000000ef100000, 0x00000000ef200000|  0%| F|  |TAMS 0x00000000ef100000| PB 0x00000000ef100000| Untracked 
| 242|0x00000000ef200000, 0x00000000ef200000, 0x00000000ef300000|  0%| F|  |TAMS 0x00000000ef200000| PB 0x00000000ef200000| Untracked 
| 243|0x00000000ef300000, 0x00000000ef300000, 0x00000000ef400000|  0%| F|  |TAMS 0x00000000ef300000| PB 0x00000000ef300000| Untracked 
| 244|0x00000000ef400000, 0x00000000ef400000, 0x00000000ef500000|  0%| F|  |TAMS 0x00000000ef400000| PB 0x00000000ef400000| Untracked 
| 245|0x00000000ef500000, 0x00000000ef500000, 0x00000000ef600000|  0%| F|  |TAMS 0x00000000ef500000| PB 0x00000000ef500000| Untracked 
| 246|0x00000000ef600000, 0x00000000ef600000, 0x00000000ef700000|  0%| F|  |TAMS 0x00000000ef600000| PB 0x00000000ef600000| Untracked 
| 247|0x00000000ef700000, 0x00000000ef700000, 0x00000000ef800000|  0%| F|  |TAMS 0x00000000ef700000| PB 0x00000000ef700000| Untracked 
| 248|0x00000000ef800000, 0x00000000ef800000, 0x00000000ef900000|  0%| F|  |TAMS 0x00000000ef800000| PB 0x00000000ef800000| Untracked 
| 249|0x00000000ef900000, 0x00000000ef900000, 0x00000000efa00000|  0%| F|  |TAMS 0x00000000ef900000| PB 0x00000000ef900000| Untracked 
| 250|0x00000000efa00000, 0x00000000efa00000, 0x00000000efb00000|  0%| F|  |TAMS 0x00000000efa00000| PB 0x00000000efa00000| Untracked 
| 251|0x00000000efb00000, 0x00000000efb00000, 0x00000000efc00000|  0%| F|  |TAMS 0x00000000efb00000| PB 0x00000000efb00000| Untracked 
| 252|0x00000000efc00000, 0x00000000efc00000, 0x00000000efd00000|  0%| F|  |TAMS 0x00000000efc00000| PB 0x00000000efc00000| Untracked 
| 253|0x00000000efd00000, 0x00000000efd8d4e8, 0x00000000efe00000| 55%| E|  |TAMS 0x00000000efd00000| PB 0x00000000efd00000| Complete 
| 254|0x00000000efe00000, 0x00000000eff00000, 0x00000000eff00000|100%| E|CS|TAMS 0x00000000efe00000| PB 0x00000000efe00000| Complete 
| 255|0x00000000eff00000, 0x00000000f0000000, 0x00000000f0000000|100%| E|CS|TAMS 0x00000000eff00000| PB 0x00000000eff00000| Complete 

Card table byte_map: [0x0000018a32ed0000,0x0000018a32fd0000] _byte_map_base: 0x0000018a327d0000

Marking Bits: (CMBitMap*) 0x0000018a2068c820
 Bits: [0x0000018a32fd0000, 0x0000018a337d0000)

Polling page: 0x0000018a1e660000

Metaspace:

Usage:
  Non-class:     49.34 MB used.
      Class:      8.67 MB used.
       Both:     58.01 MB used.

Virtual space:
  Non-class space:       64.00 MB reserved,      50.38 MB ( 79%) committed,  1 nodes.
      Class space:      320.00 MB reserved,       9.62 MB (  3%) committed,  1 nodes.
             Both:      384.00 MB reserved,      60.00 MB ( 16%) committed. 

Chunk freelists:
   Non-Class:  13.23 MB
       Class:  6.38 MB
        Both:  19.61 MB

MaxMetaspaceSize: 384.00 MB
CompressedClassSpaceSize: 320.00 MB
Initial GC threshold: 21.00 MB
Current GC threshold: 60.12 MB
CDS: on
 - commit_granule_bytes: 65536.
 - commit_granule_words: 8192.
 - virtual_space_node_default_size: 8388608.
 - enlarge_chunks_in_place: 1.
 - use_allocation_guard: 0.


Internal statistics:

num_allocs_failed_limit: 15.
num_arena_births: 3748.
num_arena_deaths: 0.
num_vsnodes_births: 2.
num_vsnodes_deaths: 0.
num_space_committed: 960.
num_space_uncommitted: 0.
num_chunks_returned_to_freelist: 15.
num_chunks_taken_from_freelist: 6646.
num_chunk_merges: 12.
num_chunk_splits: 4350.
num_chunks_enlarged: 2700.
num_inconsistent_stats: 0.

CodeHeap 'non-profiled nmethods': size=120000Kb used=3967Kb max_used=3967Kb free=116032Kb
 bounds [0x0000018a2b330000, 0x0000018a2b710000, 0x0000018a32860000]
CodeHeap 'profiled nmethods': size=120000Kb used=12636Kb max_used=12636Kb free=107363Kb
 bounds [0x0000018a23860000, 0x0000018a244c0000, 0x0000018a2ad90000]
CodeHeap 'non-nmethods': size=5760Kb used=1918Kb max_used=1970Kb free=3841Kb
 bounds [0x0000018a2ad90000, 0x0000018a2b000000, 0x0000018a2b330000]
CodeCache: size=245760Kb, used=18521Kb, max_used=18573Kb, free=227236Kb
 total_blobs=7248, nmethods=6464, adapters=688, full_count=0
Compilation: enabled, stopped_count=0, restarted_count=0

Compilation events (20 events):
Event: 51.292 Thread 0x0000018a36498970 nmethod 6872 0x0000018a2b701d10 code [0x0000018a2b701ea0, 0x0000018a2b701f50]
Event: 51.298 Thread 0x0000018a36498970 6873       3       com.google.common.cache.LocalCache::createSegment (13 bytes)
Event: 51.299 Thread 0x0000018a36498970 nmethod 6873 0x0000018a244af290 code [0x0000018a244af440, 0x0000018a244af608]
Event: 51.299 Thread 0x0000018a36498970 6874       3       com.google.common.cache.LocalCache$Segment::<init> (163 bytes)
Event: 51.301 Thread 0x0000018a36498970 nmethod 6874 0x0000018a244af710 code [0x0000018a244afc00, 0x0000018a244b2d78]
Event: 51.302 Thread 0x0000018a548be010 nmethod 6714 0x0000018a2b702010 code [0x0000018a2b702940, 0x0000018a2b70ac80]
Event: 52.334 Thread 0x0000018a36498970 6876       3       java.lang.invoke.MethodType::insertParameterTypes (121 bytes)
Event: 52.337 Thread 0x0000018a36498970 nmethod 6876 0x0000018a244b3a90 code [0x0000018a244b3d80, 0x0000018a244b4c58]
Event: 52.342 Thread 0x0000018a36498970 6877   !   3       org.gradle.internal.resources.DefaultResourceLockCoordinationService::getCurrent (33 bytes)
Event: 52.342 Thread 0x0000018a36498970 nmethod 6877 0x0000018a244b5210 code [0x0000018a244b53c0, 0x0000018a244b5678]
Event: 52.342 Thread 0x0000018a36498970 6878       3       org.gradle.internal.logging.slf4j.OutputEventListenerBackedLogger::debug (8 bytes)
Event: 52.343 Thread 0x0000018a36498970 nmethod 6878 0x0000018a244b5790 code [0x0000018a244b5940, 0x0000018a244b5a80]
Event: 52.343 Thread 0x0000018a36498970 6879       3       org.gradle.internal.logging.slf4j.BuildOperationAwareLogger::debug (19 bytes)
Event: 52.343 Thread 0x0000018a36498970 nmethod 6879 0x0000018a244b5b90 code [0x0000018a244b5d60, 0x0000018a244b60a8]
Event: 52.343 Thread 0x0000018a36498970 6880       3       java.lang.Thread::getId (5 bytes)
Event: 52.343 Thread 0x0000018a36498970 nmethod 6880 0x0000018a244b6210 code [0x0000018a244b63a0, 0x0000018a244b64c8]
Event: 52.343 Thread 0x0000018a36498970 6881       1       java.lang.Thread::getName (5 bytes)
Event: 52.343 Thread 0x0000018a36498970 nmethod 6881 0x0000018a2b70f690 code [0x0000018a2b70f820, 0x0000018a2b70f8e8]
Event: 52.370 Thread 0x0000018a36498970 6882       3       java.util.concurrent.locks.AbstractQueuedSynchronizer$ConditionObject::signalAll (34 bytes)
Event: 52.370 Thread 0x0000018a36498970 nmethod 6882 0x0000018a244b6590 code [0x0000018a244b6760, 0x0000018a244b6ab0]

GC Heap History (16 events):
Event: 8.022 GC heap before
{Heap before GC invocations=0 (full 0):
 garbage-first heap   total 262144K, used 26624K [0x00000000e0000000, 0x0000000100000000)
  region size 1024K, 23 young (23552K), 0 survivors (0K)
 Metaspace       used 3057K, committed 3200K, reserved 393216K
  class space    used 369K, committed 448K, reserved 327680K
}
Event: 8.059 GC heap after
{Heap after GC invocations=1 (full 0):
 garbage-first heap   total 262144K, used 10834K [0x00000000e0000000, 0x0000000100000000)
  region size 1024K, 3 young (3072K), 3 survivors (3072K)
 Metaspace       used 3057K, committed 3200K, reserved 393216K
  class space    used 369K, committed 448K, reserved 327680K
}
Event: 14.371 GC heap before
{Heap before GC invocations=1 (full 0):
 garbage-first heap   total 262144K, used 40530K [0x00000000e0000000, 0x0000000100000000)
  region size 1024K, 30 young (30720K), 3 survivors (3072K)
 Metaspace       used 4645K, committed 4864K, reserved 393216K
  class space    used 592K, committed 704K, reserved 327680K
}
Event: 14.378 GC heap after
{Heap after GC invocations=2 (full 0):
 garbage-first heap   total 262144K, used 15512K [0x00000000e0000000, 0x0000000100000000)
  region size 1024K, 4 young (4096K), 4 survivors (4096K)
 Metaspace       used 4645K, committed 4864K, reserved 393216K
  class space    used 592K, committed 704K, reserved 327680K
}
Event: 22.920 GC heap before
{Heap before GC invocations=2 (full 0):
 garbage-first heap   total 262144K, used 119960K [0x00000000e0000000, 0x0000000100000000)
  region size 1024K, 105 young (107520K), 4 survivors (4096K)
 Metaspace       used 20858K, committed 21504K, reserved 393216K
  class space    used 2873K, committed 3200K, reserved 327680K
}
Event: 22.936 GC heap after
{Heap after GC invocations=3 (full 0):
 garbage-first heap   total 262144K, used 23859K [0x00000000e0000000, 0x0000000100000000)
  region size 1024K, 12 young (12288K), 12 survivors (12288K)
 Metaspace       used 20858K, committed 21504K, reserved 393216K
  class space    used 2873K, committed 3200K, reserved 327680K
}
Event: 29.021 GC heap before
{Heap before GC invocations=4 (full 0):
 garbage-first heap   total 262144K, used 125235K [0x00000000e0000000, 0x0000000100000000)
  region size 1024K, 113 young (115712K), 12 survivors (12288K)
 Metaspace       used 34624K, committed 35968K, reserved 393216K
  class space    used 5082K, committed 5760K, reserved 327680K
}
Event: 29.149 GC heap after
{Heap after GC invocations=5 (full 0):
 garbage-first heap   total 262144K, used 30803K [0x00000000e0000000, 0x0000000100000000)
  region size 1024K, 15 young (15360K), 15 survivors (15360K)
 Metaspace       used 34624K, committed 35968K, reserved 393216K
  class space    used 5082K, committed 5760K, reserved 327680K
}
Event: 29.281 GC heap before
{Heap before GC invocations=5 (full 0):
 garbage-first heap   total 262144K, used 32851K [0x00000000e0000000, 0x0000000100000000)
  region size 1024K, 18 young (18432K), 15 survivors (15360K)
 Metaspace       used 34954K, committed 36288K, reserved 393216K
  class space    used 5111K, committed 5760K, reserved 327680K
}
Event: 29.296 GC heap after
{Heap after GC invocations=6 (full 0):
 garbage-first heap   total 262144K, used 30619K [0x00000000e0000000, 0x0000000100000000)
  region size 1024K, 7 young (7168K), 7 survivors (7168K)
 Metaspace       used 34954K, committed 36288K, reserved 393216K
  class space    used 5111K, committed 5760K, reserved 327680K
}
Event: 29.387 GC heap before
{Heap before GC invocations=6 (full 0):
 garbage-first heap   total 262144K, used 32667K [0x00000000e0000000, 0x0000000100000000)
  region size 1024K, 10 young (10240K), 7 survivors (7168K)
 Metaspace       used 35214K, committed 36608K, reserved 393216K
  class space    used 5142K, committed 5824K, reserved 327680K
}
Event: 29.394 GC heap after
{Heap after GC invocations=7 (full 0):
 garbage-first heap   total 262144K, used 30767K [0x00000000e0000000, 0x0000000100000000)
  region size 1024K, 8 young (8192K), 8 survivors (8192K)
 Metaspace       used 35214K, committed 36608K, reserved 393216K
  class space    used 5142K, committed 5824K, reserved 327680K
}
Event: 41.280 GC heap before
{Heap before GC invocations=8 (full 0):
 garbage-first heap   total 262144K, used 150575K [0x00000000e0000000, 0x0000000100000000)
  region size 1024K, 125 young (128000K), 8 survivors (8192K)
 Metaspace       used 47984K, committed 49856K, reserved 393216K
  class space    used 7155K, committed 8064K, reserved 327680K
}
Event: 41.295 GC heap after
{Heap after GC invocations=9 (full 0):
 garbage-first heap   total 262144K, used 38320K [0x00000000e0000000, 0x0000000100000000)
  region size 1024K, 15 young (15360K), 15 survivors (15360K)
 Metaspace       used 47984K, committed 49856K, reserved 393216K
  class space    used 7155K, committed 8064K, reserved 327680K
}
Event: 52.351 GC heap before
{Heap before GC invocations=9 (full 0):
 garbage-first heap   total 262144K, used 161200K [0x00000000e0000000, 0x0000000100000000)
  region size 1024K, 137 young (140288K), 15 survivors (15360K)
 Metaspace       used 59239K, committed 61248K, reserved 393216K
  class space    used 8853K, committed 9856K, reserved 327680K
}
Event: 52.369 GC heap after
{Heap after GC invocations=10 (full 0):
 garbage-first heap   total 262144K, used 46485K [0x00000000e0000000, 0x0000000100000000)
  region size 1024K, 17 young (17408K), 17 survivors (17408K)
 Metaspace       used 59239K, committed 61248K, reserved 393216K
  class space    used 8853K, committed 9856K, reserved 327680K
}

Dll operation events (14 events):
Event: 1.688 Loaded shared library C:\Users\abhia\.vscode\extensions\redhat.java-1.54.0-win32-x64\jre\21.0.10-win32-x86_64\bin\java.dll
Event: 1.950 Loaded shared library C:\Users\abhia\.vscode\extensions\redhat.java-1.54.0-win32-x64\jre\21.0.10-win32-x86_64\bin\zip.dll
Event: 2.020 Loaded shared library C:\Users\abhia\.vscode\extensions\redhat.java-1.54.0-win32-x64\jre\21.0.10-win32-x86_64\bin\instrument.dll
Event: 2.044 Loaded shared library C:\Users\abhia\.vscode\extensions\redhat.java-1.54.0-win32-x64\jre\21.0.10-win32-x86_64\bin\net.dll
Event: 2.054 Loaded shared library C:\Users\abhia\.vscode\extensions\redhat.java-1.54.0-win32-x64\jre\21.0.10-win32-x86_64\bin\nio.dll
Event: 2.063 Loaded shared library C:\Users\abhia\.vscode\extensions\redhat.java-1.54.0-win32-x64\jre\21.0.10-win32-x86_64\bin\zip.dll
Event: 3.990 Loaded shared library C:\Users\abhia\.vscode\extensions\redhat.java-1.54.0-win32-x64\jre\21.0.10-win32-x86_64\bin\jimage.dll
Event: 6.262 Loaded shared library C:\Users\abhia\.vscode\extensions\redhat.java-1.54.0-win32-x64\jre\21.0.10-win32-x86_64\bin\verify.dll
Event: 6.414 Loaded shared library C:\Users\abhia\.gradle\native\660c5614fbf4a5f2a75b1949f50a0caf5cd603558e7d8a26e50b933a0cfb79d1\windows-amd64\native-platform.dll
Event: 7.507 Loaded shared library C:\Users\abhia\.gradle\native\0.2.8\x86_64-windows-gnu\gradle-fileevents.dll
Event: 16.779 Loaded shared library C:\Users\abhia\.vscode\extensions\redhat.java-1.54.0-win32-x64\jre\21.0.10-win32-x86_64\bin\management.dll
Event: 16.796 Loaded shared library C:\Users\abhia\.vscode\extensions\redhat.java-1.54.0-win32-x64\jre\21.0.10-win32-x86_64\bin\management_ext.dll
Event: 17.372 Loaded shared library C:\Users\abhia\.vscode\extensions\redhat.java-1.54.0-win32-x64\jre\21.0.10-win32-x86_64\bin\extnet.dll
Event: 18.212 Loaded shared library C:\Users\abhia\.vscode\extensions\redhat.java-1.54.0-win32-x64\jre\21.0.10-win32-x86_64\bin\sunmscapi.dll

Deoptimization events (20 events):
Event: 50.744 Thread 0x0000018a51adacc0 Uncommon trap: trap_request=0xffffff45 fr.pc=0x0000018a2b5113b8 relative=0x0000000000000538
Event: 50.744 Thread 0x0000018a51adacc0 Uncommon trap: reason=unstable_if action=reinterpret pc=0x0000018a2b5113b8 method=java.lang.invoke.MethodType.insertParameterTypes(I[Ljava/lang/Class;)Ljava/lang/invoke/MethodType; @ 48 c2
Event: 50.744 Thread 0x0000018a51adacc0 DEOPT PACKING pc=0x0000018a2b5113b8 sp=0x00000046055f79b0
Event: 50.744 Thread 0x0000018a51adacc0 DEOPT UNPACKING pc=0x0000018a2ade4422 sp=0x00000046055f7980 mode 2
Event: 50.744 Thread 0x0000018a51adacc0 Uncommon trap: trap_request=0xffffff45 fr.pc=0x0000018a2b43d840 relative=0x00000000000008c0
Event: 50.744 Thread 0x0000018a51adacc0 Uncommon trap: reason=unstable_if action=reinterpret pc=0x0000018a2b43d840 method=jdk.internal.org.objectweb.asm.Frame.execute(IILjdk/internal/org/objectweb/asm/Symbol;Ljdk/internal/org/objectweb/asm/SymbolTable;)V @ 1249 c2
Event: 50.744 Thread 0x0000018a51adacc0 DEOPT PACKING pc=0x0000018a2b43d840 sp=0x00000046055f7320
Event: 50.744 Thread 0x0000018a51adacc0 DEOPT UNPACKING pc=0x0000018a2ade4422 sp=0x00000046055f72a0 mode 2
Event: 52.340 Thread 0x0000018a51c8d880 Uncommon trap: trap_request=0xffffff76 fr.pc=0x0000018a2b6ed9ac relative=0x00000000000007ac
Event: 52.340 Thread 0x0000018a51c8d880 Uncommon trap: reason=predicate action=maybe_recompile pc=0x0000018a2b6ed9ac method=java.util.TreeMap.getEntryUsingComparator(Ljava/lang/Object;)Ljava/util/TreeMap$Entry; @ 19 c2
Event: 52.340 Thread 0x0000018a51c8d880 DEOPT PACKING pc=0x0000018a2b6ed9ac sp=0x0000004607cfed50
Event: 52.340 Thread 0x0000018a51c8d880 DEOPT UNPACKING pc=0x0000018a2ade4422 sp=0x0000004607cfec70 mode 2
Event: 52.341 Thread 0x0000018a559e6ec0 Uncommon trap: trap_request=0xffffff45 fr.pc=0x0000018a2b6ca9ec relative=0x000000000000056c
Event: 52.341 Thread 0x0000018a559e6ec0 Uncommon trap: reason=unstable_if action=reinterpret pc=0x0000018a2b6ca9ec method=java.util.HashMap$HashIterator.<init>(Ljava/util/HashMap;)V @ 45 c2
Event: 52.341 Thread 0x0000018a559e6ec0 DEOPT PACKING pc=0x0000018a2b6ca9ec sp=0x00000046086feee0
Event: 52.341 Thread 0x0000018a559e6ec0 DEOPT UNPACKING pc=0x0000018a2ade4422 sp=0x00000046086fed70 mode 2
Event: 52.341 Thread 0x0000018a51c93460 Uncommon trap: trap_request=0xffffff45 fr.pc=0x0000018a2b4e07bc relative=0x000000000000037c
Event: 52.342 Thread 0x0000018a51c93460 Uncommon trap: reason=unstable_if action=reinterpret pc=0x0000018a2b4e07bc method=java.util.HashMap$HashIterator.<init>(Ljava/util/HashMap;)V @ 45 c2
Event: 52.342 Thread 0x0000018a51c93460 DEOPT PACKING pc=0x0000018a2b4e07bc sp=0x00000046085ff0a0
Event: 52.342 Thread 0x0000018a51c93460 DEOPT UNPACKING pc=0x0000018a2ade4422 sp=0x00000046085ff058 mode 2

Classes loaded (20 events):
Event: 50.638 Loading class java/util/AbstractList$SubList done
Event: 50.638 Loading class java/util/AbstractList$RandomAccessSubList done
Event: 50.639 Loading class java/util/AbstractList$SubList$1
Event: 50.639 Loading class java/util/AbstractList$SubList$1 done
Event: 50.639 Loading class java/util/AbstractList$ListItr
Event: 50.639 Loading class java/util/AbstractList$ListItr done
Event: 50.677 Loading class java/util/AbstractCollectionBeanInfo
Event: 50.677 Loading class java/util/AbstractCollectionBeanInfo done
Event: 50.677 Loading class java/util/AbstractCollectionBeanInfo
Event: 50.677 Loading class java/util/AbstractCollectionBeanInfo done
Event: 50.677 Loading class java/util/AbstractCollectionCustomizer
Event: 50.677 Loading class java/util/AbstractCollectionCustomizer done
Event: 50.678 Loading class java/util/AbstractCollectionCustomizer
Event: 50.678 Loading class java/util/AbstractCollectionCustomizer done
Event: 50.707 Loading class sun/reflect/generics/tree/LongSignature
Event: 50.707 Loading class sun/reflect/generics/tree/LongSignature done
Event: 50.735 Loading class java/lang/invoke/BoundMethodHandle$Species_LLLLILLLLLL
Event: 50.735 Loading class java/lang/invoke/BoundMethodHandle$Species_LLLLILLLLLL done
Event: 50.923 Loading class java/lang/AbstractMethodError
Event: 50.923 Loading class java/lang/AbstractMethodError done

Classes unloaded (0 events):
No events

Classes redefined (0 events):
No events

Internal exceptions (20 events):
Event: 50.677 Thread 0x0000018a51adacc0 Exception <a 'java/lang/ClassNotFoundException'{0x00000000e9598b60}: java/util/AbstractCollectionBeanInfo> (0x00000000e9598b60) 
thrown [s\src\hotspot\share\classfile\systemDictionary.cpp, line 312]
Event: 50.678 Thread 0x0000018a51adacc0 Exception <a 'java/lang/ClassNotFoundException'{0x00000000e959f0d0}: java/util/AbstractCollectionCustomizer> (0x00000000e959f0d0) 
thrown [s\src\hotspot\share\classfile\systemDictionary.cpp, line 312]
Event: 50.681 Thread 0x0000018a51adacc0 Exception <a 'java/lang/ClassNotFoundException'{0x00000000e95bc6c8}: org/gradle/api/internal/DefaultDomainObjectCollectionCustomizer> (0x00000000e95bc6c8) 
thrown [s\src\hotspot\share\classfile\systemDictionary.cpp, line 312]
Event: 50.685 Thread 0x0000018a51adacc0 Exception <a 'java/lang/ClassNotFoundException'{0x00000000e94027a0}: org/gradle/api/internal/DefaultNamedDomainObjectCollectionCustomizer> (0x00000000e94027a0) 
thrown [s\src\hotspot\share\classfile\systemDictionary.cpp, line 312]
Event: 50.689 Thread 0x0000018a51adacc0 Exception <a 'java/lang/ClassNotFoundException'{0x00000000e9452940}: org/gradle/api/internal/DefaultNamedDomainObjectSetCustomizer> (0x00000000e9452940) 
thrown [s\src\hotspot\share\classfile\systemDictionary.cpp, line 312]
Event: 50.696 Thread 0x0000018a51adacc0 Exception <a 'java/lang/ClassNotFoundException'{0x00000000e94d7dd0}: org/gradle/api/internal/tasks/DefaultTaskCollectionCustomizer> (0x00000000e94d7dd0) 
thrown [s\src\hotspot\share\classfile\systemDictionary.cpp, line 312]
Event: 50.703 Thread 0x0000018a51adacc0 Exception <a 'java/lang/ClassNotFoundException'{0x00000000e93852b0}: org/gradle/api/internal/tasks/DefaultTaskContainerCustomizer> (0x00000000e93852b0) 
thrown [s\src\hotspot\share\classfile\systemDictionary.cpp, line 312]
Event: 50.719 Thread 0x0000018a51adacc0 Exception <a 'java/lang/ClassNotFoundException'{0x00000000e9156aa0}: org/gradle/api/internal/tasks/DefaultTaskContainer_DecoratedCustomizer> (0x00000000e9156aa0) 
thrown [s\src\hotspot\share\classfile\systemDictionary.cpp, line 312]
Event: 50.737 Thread 0x0000018a51adacc0 Exception <a 'java/lang/NoSuchMethodError'{0x00000000e91dc2d0}: 'int java.lang.invoke.Invokers$Holder.linkToCallSite(java.lang.Object, java.lang.Object)'> (0x00000000e91dc2d0) 
thrown [s\src\hotspot\share\interpreter\linkResolver.cpp, line 773]
Event: 50.740 Thread 0x0000018a51adacc0 Exception <a 'java/lang/ClassNotFoundException'{0x00000000e91f5a28}: org/codehaus/groovy/runtime/NullObjectBeanInfo> (0x00000000e91f5a28) 
thrown [s\src\hotspot\share\classfile\systemDictionary.cpp, line 312]
Event: 50.740 Thread 0x0000018a51adacc0 Exception <a 'java/lang/ClassNotFoundException'{0x00000000e9001438}: org/codehaus/groovy/runtime/NullObjectCustomizer> (0x00000000e9001438) 
thrown [s\src\hotspot\share\classfile\systemDictionary.cpp, line 312]
Event: 50.787 Thread 0x0000018a51adacc0 Exception <a 'java/lang/NoSuchMethodError'{0x00000000e904d7f0}: 'int java.lang.invoke.DirectMethodHandle$Holder.invokeSpecial(java.lang.Object, java.lang.Object, java.lang.Object, java.lang.Object, java.lang.Object)'> (0x00000000e904d7f0) 
thrown [s\src\hotspot\share\interpreter\linkResolver.cpp, line 773]
Event: 51.180 Thread 0x0000018a51adacc0 Exception <a 'java/lang/ClassNotFoundException'{0x00000000e8d0a5e0}: org/gradle/api/DefaultTask_DecoratedBeanInfo> (0x00000000e8d0a5e0) 
thrown [s\src\hotspot\share\classfile\systemDictionary.cpp, line 312]
Event: 51.181 Thread 0x0000018a51adacc0 Exception <a 'java/lang/ClassNotFoundException'{0x00000000e8d15970}: org/gradle/api/DefaultTaskBeanInfo> (0x00000000e8d15970) 
thrown [s\src\hotspot\share\classfile\systemDictionary.cpp, line 312]
Event: 51.182 Thread 0x0000018a51adacc0 Exception <a 'java/lang/ClassNotFoundException'{0x00000000e8d20f38}: org/gradle/api/internal/AbstractTaskBeanInfo> (0x00000000e8d20f38) 
thrown [s\src\hotspot\share\classfile\systemDictionary.cpp, line 312]
Event: 51.182 Thread 0x0000018a51adacc0 Exception <a 'java/lang/ClassNotFoundException'{0x00000000e8d2c500}: org/gradle/api/internal/AbstractTaskCustomizer> (0x00000000e8d2c500) 
thrown [s\src\hotspot\share\classfile\systemDictionary.cpp, line 312]
Event: 51.188 Thread 0x0000018a51adacc0 Exception <a 'java/lang/ClassNotFoundException'{0x00000000e8d902c8}: org/gradle/api/DefaultTaskCustomizer> (0x00000000e8d902c8) 
thrown [s\src\hotspot\share\classfile\systemDictionary.cpp, line 312]
Event: 51.193 Thread 0x0000018a51adacc0 Exception <a 'java/lang/ClassNotFoundException'{0x00000000e8df9058}: org/gradle/api/DefaultTask_DecoratedCustomizer> (0x00000000e8df9058) 
thrown [s\src\hotspot\share\classfile\systemDictionary.cpp, line 312]
Event: 52.328 Thread 0x0000018a51c8f950 Exception <a 'java/lang/NoSuchMethodError'{0x00000000e893ef08}: 'java.lang.Object java.lang.invoke.DirectMethodHandle$Holder.newInvokeSpecial(java.lang.Object, java.lang.Object, int, java.lang.Object, java.lang.Object)'> (0x00000000e893ef08) 
thrown [s\src\hotspot\share\interpreter\linkResolver.cpp, line 773]
Event: 52.329 Thread 0x0000018a51c8f950 Exception <a 'java/lang/NoSuchMethodError'{0x00000000e8942b18}: 'java.lang.Object java.lang.invoke.Invokers$Holder.linkToTargetMethod(java.lang.Object, int, java.lang.Object, java.lang.Object, java.lang.Object)'> (0x00000000e8942b18) 
thrown [s\src\hotspot\share\interpreter\linkResolver.cpp, line 773]

ZGC Phase Switch (0 events):
No events

VM Operations (20 events):
Event: 42.879 Executing safepoint VM operation: ICBufferFull
Event: 42.879 Executing safepoint VM operation: ICBufferFull done
Event: 43.516 Executing safepoint VM operation: ICBufferFull
Event: 43.516 Executing safepoint VM operation: ICBufferFull done
Event: 44.527 Executing safepoint VM operation: Cleanup
Event: 44.528 Executing safepoint VM operation: Cleanup done
Event: 47.545 Executing safepoint VM operation: Cleanup
Event: 47.545 Executing safepoint VM operation: Cleanup done
Event: 48.546 Executing safepoint VM operation: Cleanup
Event: 49.517 Executing safepoint VM operation: Cleanup done
Event: 49.545 Executing non-safepoint VM operation: HandshakeAllThreads (Deoptimize)
Event: 49.545 Executing non-safepoint VM operation: HandshakeAllThreads (Deoptimize) done
Event: 50.557 Executing safepoint VM operation: Cleanup
Event: 50.557 Executing safepoint VM operation: Cleanup done
Event: 50.641 Executing non-safepoint VM operation: HandshakeAllThreads (Deoptimize)
Event: 50.641 Executing non-safepoint VM operation: HandshakeAllThreads (Deoptimize) done
Event: 51.643 Executing safepoint VM operation: Cleanup
Event: 52.327 Executing safepoint VM operation: Cleanup done
Event: 52.351 Executing safepoint VM operation: CollectForMetadataAllocation (Metadata GC Threshold)
Event: 52.370 Executing safepoint VM operation: CollectForMetadataAllocation (Metadata GC Threshold) done

Memory protections (0 events):
No events

Nmethod flushes (20 events):
Event: 29.416 Thread 0x0000018a36460680 flushing  nmethod 0x0000018a2b371390
Event: 29.416 Thread 0x0000018a36460680 flushing  nmethod 0x0000018a2b3a4190
Event: 29.416 Thread 0x0000018a36460680 flushing  nmethod 0x0000018a2b3a5990
Event: 29.416 Thread 0x0000018a36460680 flushing  nmethod 0x0000018a2b3aa310
Event: 29.416 Thread 0x0000018a36460680 flushing  nmethod 0x0000018a2b3dfc90
Event: 29.416 Thread 0x0000018a36460680 flushing  nmethod 0x0000018a23a10e10
Event: 29.416 Thread 0x0000018a36460680 flushing  nmethod 0x0000018a23a14f10
Event: 29.416 Thread 0x0000018a36460680 flushing  nmethod 0x0000018a23a15210
Event: 29.416 Thread 0x0000018a36460680 flushing  nmethod 0x0000018a23a19210
Event: 29.416 Thread 0x0000018a36460680 flushing  nmethod 0x0000018a23a8a390
Event: 29.416 Thread 0x0000018a36460680 flushing  nmethod 0x0000018a23afc990
Event: 29.416 Thread 0x0000018a36460680 flushing  nmethod 0x0000018a23b55390
Event: 29.416 Thread 0x0000018a36460680 flushing  nmethod 0x0000018a23bbc710
Event: 29.416 Thread 0x0000018a36460680 flushing  nmethod 0x0000018a23bbcb10
Event: 29.416 Thread 0x0000018a36460680 flushing  nmethod 0x0000018a23bbdb90
Event: 29.416 Thread 0x0000018a36460680 flushing  nmethod 0x0000018a23bc0b10
Event: 29.416 Thread 0x0000018a36460680 flushing  nmethod 0x0000018a23c32c10
Event: 29.416 Thread 0x0000018a36460680 flushing  nmethod 0x0000018a23c33810
Event: 29.417 Thread 0x0000018a36460680 flushing  nmethod 0x0000018a23c74790
Event: 29.417 Thread 0x0000018a36460680 flushing  nmethod 0x0000018a23d20190

Events (20 events):
Event: 41.566 Thread 0x0000018a51adacc0 Thread added: 0x0000018a51c8c4d0
Event: 42.414 Thread 0x0000018a36498970 Thread added: 0x0000018a533c73c0
Event: 43.310 Thread 0x0000018a51adacc0 Thread added: 0x0000018a51c8d1f0
Event: 43.880 Thread 0x0000018a533c73c0 Thread exited: 0x0000018a533c73c0
Event: 44.105 Thread 0x0000018a36498970 Thread added: 0x0000018a533c73c0
Event: 44.489 Thread 0x0000018a533c73c0 Thread exited: 0x0000018a533c73c0
Event: 48.475 Thread 0x0000018a36498970 Thread added: 0x0000018a548bbe00
Event: 50.663 Thread 0x0000018a36498970 Thread added: 0x0000018a548be010
Event: 51.292 Thread 0x0000018a51adacc0 Thread added: 0x0000018a51c8f950
Event: 52.333 Thread 0x0000018a51c8f950 Thread added: 0x0000018a51c8d880
Event: 52.333 Thread 0x0000018a51c8f950 Thread added: 0x0000018a51c8cb60
Event: 52.333 Thread 0x0000018a51c8f950 Thread added: 0x0000018a51c91390
Event: 52.333 Thread 0x0000018a51c8f950 Thread added: 0x0000018a51c90d00
Event: 52.333 Thread 0x0000018a51c8f950 Thread added: 0x0000018a51c92740
Event: 52.333 Thread 0x0000018a51c8f950 Thread added: 0x0000018a51c91a20
Event: 52.334 Thread 0x0000018a51c8f950 Thread added: 0x0000018a51c920b0
Event: 52.334 Thread 0x0000018a51c8f950 Thread added: 0x0000018a51c92dd0
Event: 52.334 Thread 0x0000018a51c8f950 Thread added: 0x0000018a51c90670
Event: 52.334 Thread 0x0000018a51c8f950 Thread added: 0x0000018a51c93460
Event: 52.334 Thread 0x0000018a51c8f950 Thread added: 0x0000018a559e6ec0


Dynamic libraries:
0x00007ff77b120000 - 0x00007ff77b12e000 	C:\Users\abhia\.vscode\extensions\redhat.java-1.54.0-win32-x64\jre\21.0.10-win32-x86_64\bin\java.exe
0x00007ff80d660000 - 0x00007ff80d8c7000 	C:\WINDOWS\SYSTEM32\ntdll.dll
0x00007ff80d3b0000 - 0x00007ff80d479000 	C:\WINDOWS\System32\KERNEL32.DLL
0x00007ff80a090000 - 0x00007ff80a487000 	C:\WINDOWS\System32\KERNELBASE.dll
0x00007ffff9010000 - 0x00007ffff902e000 	C:\Users\abhia\.vscode\extensions\redhat.java-1.54.0-win32-x64\jre\21.0.10-win32-x86_64\bin\VCRUNTIME140.dll
0x00007ffff8ff0000 - 0x00007ffff9008000 	C:\Users\abhia\.vscode\extensions\redhat.java-1.54.0-win32-x64\jre\21.0.10-win32-x86_64\bin\jli.dll
0x00007ff80b1d0000 - 0x00007ff80b31b000 	C:\WINDOWS\System32\ucrtbase.dll
0x00007ff80d1e0000 - 0x00007ff80d3a6000 	C:\WINDOWS\System32\USER32.dll
0x00007ff80afc0000 - 0x00007ff80afe7000 	C:\WINDOWS\System32\win32u.dll
0x00007ff80bb40000 - 0x00007ff80bb6b000 	C:\WINDOWS\System32\GDI32.dll
0x00007ff80b0a0000 - 0x00007ff80b1cc000 	C:\WINDOWS\System32\gdi32full.dll
0x00007ff80aff0000 - 0x00007ff80b093000 	C:\WINDOWS\System32\msvcp_win.dll
0x00007ffff71f0000 - 0x00007ffff7482000 	C:\WINDOWS\WinSxS\amd64_microsoft.windows.common-controls_6595b64144ccf1df_6.0.26100.8457_none_3e0b2faee331e92d\COMCTL32.dll
0x00007ff80b3e0000 - 0x00007ff80b489000 	C:\WINDOWS\System32\msvcrt.dll
0x00007ff80c4a0000 - 0x00007ff80c4d2000 	C:\WINDOWS\System32\IMM32.DLL
0x00007ff802a90000 - 0x00007ff802a9c000 	C:\Users\abhia\.vscode\extensions\redhat.java-1.54.0-win32-x64\jre\21.0.10-win32-x86_64\bin\vcruntime140_1.dll
0x00007fffa9470000 - 0x00007fffa94fd000 	C:\Users\abhia\.vscode\extensions\redhat.java-1.54.0-win32-x64\jre\21.0.10-win32-x86_64\bin\msvcp140.dll
0x00007fff29930000 - 0x00007fff2a6d1000 	C:\Users\abhia\.vscode\extensions\redhat.java-1.54.0-win32-x64\jre\21.0.10-win32-x86_64\bin\server\jvm.dll
0x00007ff80cd50000 - 0x00007ff80ce06000 	C:\WINDOWS\System32\ADVAPI32.dll
0x00007ff80ba90000 - 0x00007ff80bb37000 	C:\WINDOWS\System32\sechost.dll
0x00007ff80bb70000 - 0x00007ff80bc88000 	C:\WINDOWS\System32\RPCRT4.dll
0x00007ff80d0f0000 - 0x00007ff80d170000 	C:\WINDOWS\System32\WS2_32.dll
0x00007ff809ef0000 - 0x00007ff809f4e000 	C:\WINDOWS\SYSTEM32\POWRPROF.dll
0x00007ff8084a0000 - 0x00007ff8084d6000 	C:\WINDOWS\SYSTEM32\WINMM.dll
0x00007ff803c00000 - 0x00007ff803c0b000 	C:\WINDOWS\SYSTEM32\VERSION.dll
0x00007ff809ed0000 - 0x00007ff809ee4000 	C:\WINDOWS\SYSTEM32\UMPDC.dll
0x00007ff808e20000 - 0x00007ff808e3b000 	C:\WINDOWS\SYSTEM32\kernel.appcore.dll
0x00007ffffcb10000 - 0x00007ffffcb1a000 	C:\Users\abhia\.vscode\extensions\redhat.java-1.54.0-win32-x64\jre\21.0.10-win32-x86_64\bin\jimage.dll
0x00007ff807e40000 - 0x00007ff808082000 	C:\WINDOWS\SYSTEM32\DBGHELP.DLL
0x00007ff80b490000 - 0x00007ff80b813000 	C:\WINDOWS\System32\combase.dll
0x00007ff80c4f0000 - 0x00007ff80c5c9000 	C:\WINDOWS\System32\OLEAUT32.dll
0x00007ff808430000 - 0x00007ff80846b000 	C:\WINDOWS\SYSTEM32\dbgcore.DLL
0x00007ff80af10000 - 0x00007ff80afb8000 	C:\WINDOWS\System32\bcryptPrimitives.dll
0x00007ffffb170000 - 0x00007ffffb17f000 	C:\Users\abhia\.vscode\extensions\redhat.java-1.54.0-win32-x64\jre\21.0.10-win32-x86_64\bin\instrument.dll
0x00007fffeabd0000 - 0x00007fffeabf0000 	C:\Users\abhia\.vscode\extensions\redhat.java-1.54.0-win32-x64\jre\21.0.10-win32-x86_64\bin\java.dll
0x00007ff80c5d0000 - 0x00007ff80cd3e000 	C:\WINDOWS\System32\SHELL32.dll
0x00007ff80a520000 - 0x00007ff80ad8c000 	C:\WINDOWS\System32\windows.storage.dll
0x00007ff80d490000 - 0x00007ff80d586000 	C:\WINDOWS\System32\SHCORE.dll
0x00007ff80bc90000 - 0x00007ff80bcf6000 	C:\WINDOWS\System32\shlwapi.dll
0x00007ff809fb0000 - 0x00007ff809fd9000 	C:\WINDOWS\SYSTEM32\profapi.dll
0x00007fffe9160000 - 0x00007fffe9178000 	C:\Users\abhia\.vscode\extensions\redhat.java-1.54.0-win32-x64\jre\21.0.10-win32-x86_64\bin\zip.dll
0x00007ffffb290000 - 0x00007ffffb2a0000 	C:\Users\abhia\.vscode\extensions\redhat.java-1.54.0-win32-x64\jre\21.0.10-win32-x86_64\bin\net.dll
0x00007ff802630000 - 0x00007ff802759000 	C:\WINDOWS\SYSTEM32\WINHTTP.dll
0x00007ff809390000 - 0x00007ff8093fc000 	C:\WINDOWS\system32\mswsock.dll
0x00007fffe5ec0000 - 0x00007fffe5ed6000 	C:\Users\abhia\.vscode\extensions\redhat.java-1.54.0-win32-x64\jre\21.0.10-win32-x86_64\bin\nio.dll
0x00007ffff9790000 - 0x00007ffff97a0000 	C:\Users\abhia\.vscode\extensions\redhat.java-1.54.0-win32-x64\jre\21.0.10-win32-x86_64\bin\verify.dll
0x00007ff802260000 - 0x00007ff802287000 	C:\Users\abhia\.gradle\native\660c5614fbf4a5f2a75b1949f50a0caf5cd603558e7d8a26e50b933a0cfb79d1\windows-amd64\native-platform.dll
0x00007ff802080000 - 0x00007ff8020f7000 	C:\Users\abhia\.gradle\native\0.2.8\x86_64-windows-gnu\gradle-fileevents.dll
0x00007ff804fe0000 - 0x00007ff804fea000 	C:\Users\abhia\.vscode\extensions\redhat.java-1.54.0-win32-x64\jre\21.0.10-win32-x86_64\bin\management.dll
0x00007ff804fd0000 - 0x00007ff804fdc000 	C:\Users\abhia\.vscode\extensions\redhat.java-1.54.0-win32-x64\jre\21.0.10-win32-x86_64\bin\management_ext.dll
0x00007ff80c4e0000 - 0x00007ff80c4e8000 	C:\WINDOWS\System32\PSAPI.DLL
0x00007ff808810000 - 0x00007ff808842000 	C:\WINDOWS\SYSTEM32\IPHLPAPI.DLL
0x00007ff80bd00000 - 0x00007ff80bd0a000 	C:\WINDOWS\System32\NSI.dll
0x00007fffeb4a0000 - 0x00007fffeb4a9000 	C:\Users\abhia\.vscode\extensions\redhat.java-1.54.0-win32-x64\jre\21.0.10-win32-x86_64\bin\extnet.dll
0x00007ff809680000 - 0x00007ff80969b000 	C:\WINDOWS\SYSTEM32\CRYPTSP.dll
0x00007ff808d80000 - 0x00007ff808db9000 	C:\WINDOWS\system32\rsaenh.dll
0x00007ff809440000 - 0x00007ff809473000 	C:\WINDOWS\SYSTEM32\USERENV.dll
0x00007ff809f80000 - 0x00007ff809faa000 	C:\WINDOWS\SYSTEM32\bcrypt.dll
0x00007ff809670000 - 0x00007ff80967c000 	C:\WINDOWS\SYSTEM32\CRYPTBASE.dll
0x00007ffff8fe0000 - 0x00007ffff8fee000 	C:\Users\abhia\.vscode\extensions\redhat.java-1.54.0-win32-x64\jre\21.0.10-win32-x86_64\bin\sunmscapi.dll
0x00007ff80ad90000 - 0x00007ff80af08000 	C:\WINDOWS\System32\CRYPT32.dll
0x00007ff809890000 - 0x00007ff8098c0000 	C:\WINDOWS\SYSTEM32\ncrypt.dll
0x00007ff809840000 - 0x00007ff80987f000 	C:\WINDOWS\SYSTEM32\NTASN1.dll
0x00007fff914b0000 - 0x00007fff914b8000 	C:\WINDOWS\system32\wshunix.dll

JVMTI agents:
C:\Users\abhia\.gradle\wrapper\dists\gradle-9.4.1-bin\arn2x92ynaizyzdaamcbpbhtj\gradle-9.4.1\lib\agents\gradle-instrumentation-agent-9.4.1.jar path:C:\Users\abhia\.vscode\extensions\redhat.java-1.54.0-win32-x64\jre\21.0.10-win32-x86_64\bin\instrument.dll, loaded, initialized, instrumentlib options:none

dbghelp: loaded successfully - version: 4.0.5 - missing functions: none
symbol engine: initialized successfully - sym options: 0x614 - pdb path: .;C:\Users\abhia\.vscode\extensions\redhat.java-1.54.0-win32-x64\jre\21.0.10-win32-x86_64\bin;C:\WINDOWS\SYSTEM32;C:\WINDOWS\WinSxS\amd64_microsoft.windows.common-controls_6595b64144ccf1df_6.0.26100.8457_none_3e0b2faee331e92d;C:\Users\abhia\.vscode\extensions\redhat.java-1.54.0-win32-x64\jre\21.0.10-win32-x86_64\bin\server;C:\Users\abhia\.gradle\native\660c5614fbf4a5f2a75b1949f50a0caf5cd603558e7d8a26e50b933a0cfb79d1\windows-amd64;C:\Users\abhia\.gradle\native\0.2.8\x86_64-windows-gnu

VM Arguments:
jvm_args: --add-opens=java.base/java.lang=ALL-UNNAMED --add-opens=java.base/java.lang.invoke=ALL-UNNAMED --add-opens=java.base/java.util=ALL-UNNAMED --add-opens=java.prefs/java.util.prefs=ALL-UNNAMED --add-exports=jdk.compiler/com.sun.tools.javac.api=ALL-UNNAMED --add-exports=jdk.compiler/com.sun.tools.javac.util=ALL-UNNAMED --add-opens=java.base/java.util=ALL-UNNAMED --add-opens=java.prefs/java.util.prefs=ALL-UNNAMED --add-opens=java.base/java.nio.charset=ALL-UNNAMED --add-opens=java.base/java.net=ALL-UNNAMED --add-opens=java.base/java.util.concurrent=ALL-UNNAMED --add-opens=java.base/java.util.concurrent.atomic=ALL-UNNAMED --add-opens=java.xml/javax.xml.namespace=ALL-UNNAMED --add-opens=java.base/java.time=ALL-UNNAMED -XX:MaxMetaspaceSize=384m -XX:+HeapDumpOnOutOfMemoryError -Xms256m -Xmx512m -Dfile.encoding=UTF-8 -Duser.country=US -Duser.language=en -Duser.variant -javaagent:C:\Users\abhia\.gradle\wrapper\dists\gradle-9.4.1-bin\arn2x92ynaizyzdaamcbpbhtj\gradle-9.4.1\lib\agents\gradle-instrumentation-agent-9.4.1.jar 
java_command: org.gradle.launcher.daemon.bootstrap.GradleDaemon 9.4.1
java_class_path (initial): C:\Users\abhia\.gradle\wrapper\dists\gradle-9.4.1-bin\arn2x92ynaizyzdaamcbpbhtj\gradle-9.4.1\lib\gradle-daemon-main-9.4.1.jar
Launcher Type: SUN_STANDARD

[Global flags]
     intx CICompilerCount                          = 4                                         {product} {ergonomic}
   size_t CompressedClassSpaceSize                 = 335544320                                 {product} {ergonomic}
     uint ConcGCThreads                            = 3                                         {product} {ergonomic}
     uint G1ConcRefinementThreads                  = 10                                        {product} {ergonomic}
   size_t G1HeapRegionSize                         = 1048576                                   {product} {ergonomic}
    uintx GCDrainStackTargetSize                   = 64                                        {product} {ergonomic}
     bool HeapDumpOnOutOfMemoryError               = true                                   {manageable} {command line}
   size_t InitialHeapSize                          = 268435456                                 {product} {command line}
   size_t MarkStackSize                            = 4194304                                   {product} {ergonomic}
   size_t MaxHeapSize                              = 536870912                                 {product} {command line}
   size_t MaxMetaspaceSize                         = 402653184                                 {product} {command line}
   size_t MaxNewSize                               = 321912832                                 {product} {ergonomic}
   size_t MinHeapDeltaBytes                        = 1048576                                   {product} {ergonomic}
   size_t MinHeapSize                              = 268435456                                 {product} {command line}
    uintx NonNMethodCodeHeapSize                   = 5839372                                {pd product} {ergonomic}
    uintx NonProfiledCodeHeapSize                  = 122909434                              {pd product} {ergonomic}
    uintx ProfiledCodeHeapSize                     = 122909434                              {pd product} {ergonomic}
    uintx ReservedCodeCacheSize                    = 251658240                              {pd product} {ergonomic}
     bool SegmentedCodeCache                       = true                                      {product} {ergonomic}
   size_t SoftMaxHeapSize                          = 536870912                              {manageable} {ergonomic}
     bool UseCompressedOops                        = true                           {product lp64_product} {ergonomic}
     bool UseG1GC                                  = true                                      {product} {ergonomic}
     bool UseLargePagesIndividualAllocation        = false                                  {pd product} {ergonomic}

Logging:
Log output configuration:
 #0: stdout all=warning uptime,level,tags foldmultilines=false
 #1: stderr all=off uptime,level,tags foldmultilines=false

Release file:
JAVA_VERSION="21.0.10" 
MODULES="java.base java.compiler java.datatransfer java.xml java.prefs java.desktop java.instrument java.logging java.management java.security.sasl java.naming java.rmi java.management.rmi java.net.http java.scripting java.security.jgss java.transaction.xa java.sql java.sql.rowset java.xml.crypto java.se java.smartcardio jdk.accessibility jdk.internal.jvmstat jdk.attach jdk.charsets jdk.internal.opt jdk.zipfs jdk.compiler jdk.crypto.ec jdk.crypto.cryptoki jdk.crypto.mscapi jdk.dynalink jdk.internal.ed jdk.editpad jdk.hotspot.agent jdk.httpserver jdk.internal.le jdk.internal.vm.ci jdk.internal.vm.compiler jdk.internal.vm.compiler.management jdk.jartool jdk.javadoc jdk.jcmd jdk.management jdk.management.agent jdk.jconsole jdk.jdeps jdk.jdwp.agent jdk.jdi jdk.jfr jdk.jshell jdk.jsobject jdk.jstatd jdk.localedata jdk.management.jfr jdk.naming.dns jdk.naming.rmi jdk.net jdk.nio.mapmode jdk.random jdk.sctp jdk.security.auth jdk.security.jgss jdk.unsupported jdk.unsupported.desktop jdk.xml.dom" 

Environment Variables:
JAVA_HOME=C:\Program Files\Eclipse Adoptium\jdk-21.0.10.7-hotspot\
PATH=C:\Program Files\Eclipse Adoptium\jdk-21.0.10.7-hotspot\bin;C:\Program Files\Microsoft\jdk-17.0.16.8-hotspot\bin;C:\Program Files (x86)\Common Files\Oracle\Java\java8path;C:\Program Files (x86)\Common Files\Oracle\Java\javapath;C:\Program Files (x86)\VMware\VMware Workstation\bin\;C:\WINDOWS\system32;C:\WINDOWS;C:\WINDOWS\System32\Wbem;C:\WINDOWS\System32\WindowsPowerShell\v1.0\;C:\WINDOWS\System32\OpenSSH\;C:\Program Files\Git\cmd;C:\Program Files\nodejs\;C:\msys64\mingw64\bin;C:\Program Files\Microsoft\jdk-17.0.16.8-hotspot\bin;;C:\Program Files\Docker\Docker\resources\bin;C:\Program Files\dotnet\;C:\Program Files\CMake\bin;c:\Users\abhia\AppData\Local\Programs\cursor\resources\app\codeBin;C:\Users\abhia\AppData\Local\Programs\Python\Python312\Scripts\;C:\Users\abhia\AppData\Local\Programs\Python\Python312\;C:\Users\abhia\AppData\Local\Programs\Python\Launcher\;C:\Users\abhia\AppData\Local\Microsoft\WindowsApps;C:\Users\abhia\AppData\Roaming\npm;C:\Users\abhia\.dotnet\tools;C:\Users\abhia\AppData\Local\Programs\Microsoft VS Code\bin;C:\Users\abhia\AppData\Local\Programs\Antigravity IDE\bin
USERNAME=abhia
OS=Windows_NT
PROCESSOR_IDENTIFIER=AMD64 Family 23 Model 104 Stepping 1, AuthenticAMD
TMP=C:\Users\abhia\AppData\Local\Temp
TEMP=C:\Users\abhia\AppData\Local\Temp




Periodic native trim disabled

---------------  S Y S T E M  ---------------

OS:
 Windows 11 , 64 bit Build 26100 (10.0.26100.8328)
OS uptime: 6 days 0:28 hours
Hyper-V role detected

CPU: total 12 (initial active 12) (12 cores per cpu, 2 threads per core) family 23 model 104 stepping 1 microcode 0x8608107, cx8, cmov, fxsr, ht, mmx, 3dnowpref, sse, sse2, sse3, ssse3, sse4a, sse4.1, sse4.2, popcnt, lzcnt, tsc, tscinvbit, avx, avx2, aes, clmul, bmi1, bmi2, adx, sha, fma, vzeroupper, clflush, clflushopt, hv, rdtscp, rdpid, f16c
Processor Information for the first 12 processors :
  Max Mhz: 2100, Current Mhz: 2100, Mhz Limit: 2100

Memory: 4k page, system-wide physical 5989M (471M free)
TotalPageFile size 24421M (AvailPageFile size 0M)
current process WorkingSet (physical memory assigned to process): 350M, peak: 350M
current process commit charge ("private bytes"): 522M, peak: 542M

vm_info: OpenJDK 64-Bit Server VM (21.0.10+7-LTS) for windows-amd64 JRE (21.0.10+7-LTS), built on 2026-01-20T00:00:00Z by "admin" with MS VC++ 17.12 (VS2022)

END.
